<?xml version="1.0" encoding="UTF-8"?>
<testsuite xmlns:xsi="http://www.w3.org/2001/XMLSchema-instance" xsi:noNamespaceSchemaLocation="https://maven.apache.org/surefire/maven-surefire-plugin/xsd/surefire-test-report.xsd" version="3.0.2" name="com.example.test.configTest.SwaggerConfigTest" time="6.618" tests="1" errors="0" skipped="0" failures="0">
  <properties>
[...]
</properties>
  <testcase name="customOpenAPIBeanExistsAndConfiguredCorrectly" classname="com.example.test.configTest.SwaggerConfigTest" time="0.279">
    <system-out><![CDATA[18:11:17.665 [main] INFO org.springframework.test.context.support.AnnotationConfigContextLoaderUtils -- Could not detect default configuration classes for test class [com.example.test.configTest.SwaggerConfigTest]: SwaggerConfigTest does not declare any static, non-private, non-final, nested classes annotated with @Configuration.
18:11:17.749 [main] INFO org.springframework.boot.test.context.SpringBootTestContextBootstrapper -- Found @SpringBootConfiguration com.example.test.TestApplication for test class com.example.test.configTest.SwaggerConfigTest

  .   ____          _            __ _ _
 /\\ / ___'_ __ _ _(_)_ __  __ _ \ \ \ \
( ( )\___ | '_ | '_| | '_ \/ _` | \ \ \ \
 \\/  ___)| |_)| | | | | || (_| |  ) ) ) )
  '  |____| .__|_| |_|_| |_\__, | / / / /
 =========|_|==============|___/=/_/_/_/

 :: Spring Boot ::                (v3.4.6)

2025-06-15T18:11:18.085-04:00  INFO 3268 --- [proyecto_cotizacion] [           main] c.e.test.configTest.SwaggerConfigTest    : Starting SwaggerConfigTest using Java 21.0.5 with PID 3268 (started by cric3 in C:\Users\cric3\OneDrive\Documentos\SpringBoot\ProyectoCotizacionesTestFinal)
2025-06-15T18:11:18.087-04:00  INFO 3268 --- [proyecto_cotizacion] [           main] c.e.test.configTest.SwaggerConfigTest    : No active profile set, falling back to 1 default profile: "default"
2025-06-15T18:11:18.789-04:00  INFO 3268 --- [proyecto_cotizacion] [           main] .s.d.r.c.RepositoryConfigurationDelegate : Bootstrapping Spring Data JPA repositories in DEFAULT mode.
2025-06-15T18:11:18.858-04:00  INFO 3268 --- [proyecto_cotizacion] [           main] .s.d.r.c.RepositoryConfigurationDelegate : Finished Spring Data repository scanning in 51 ms. Found 7 JPA repository interfaces.
2025-06-15T18:11:19.103-04:00 DEBUG 3268 --- [proyecto_cotizacion] [           main] com.zaxxer.hikari.HikariConfig           : Driver class oracle.jdbc.OracleDriver found in Thread context class loader jdk.internal.loader.ClassLoaders$AppClassLoader@5a07e868
2025-06-15T18:11:19.316-04:00 DEBUG 3268 --- [proyecto_cotizacion] [           main] o.hibernate.jpa.internal.util.LogHelper  : PersistenceUnitInfo [
	name: default
	persistence provider classname: null
	classloader: jdk.internal.loader.ClassLoaders$AppClassLoader@5a07e868
	excludeUnlistedClasses: true
	JTA datasource: null
	Non JTA datasource: HikariDataSource (null)
	Transaction type: RESOURCE_LOCAL
	PU root URL: file:/C:/Users/cric3/OneDrive/Documentos/SpringBoot/ProyectoCotizacionesTestFinal/target/test-classes/
	Shared Cache Mode: UNSPECIFIED
	Validation Mode: AUTO
	Jar files URLs []
	Managed classes names [
		com.example.test.model.Cliente
		com.example.test.model.Cotizacion
		com.example.test.model.DetPedido
		com.example.test.model.Empresa
		com.example.test.model.Material
		com.example.test.model.Pedido
		com.example.test.model.Persona
		com.example.test.model.Presupuesto
		com.example.test.model.Producto]
	Mapping files names []
	Properties []
2025-06-15T18:11:19.323-04:00 DEBUG 3268 --- [proyecto_cotizacion] [           main] o.h.i.internal.IntegratorServiceImpl     : Adding Integrator [org.hibernate.boot.beanvalidation.BeanValidationIntegrator].
2025-06-15T18:11:19.324-04:00 DEBUG 3268 --- [proyecto_cotizacion] [           main] o.h.i.internal.IntegratorServiceImpl     : Adding Integrator [org.hibernate.cache.internal.CollectionCacheInvalidator].
2025-06-15T18:11:19.384-04:00  INFO 3268 --- [proyecto_cotizacion] [           main] org.hibernate.Version                    : HHH000412: Hibernate ORM core version 6.6.15.Final
2025-06-15T18:11:19.385-04:00 DEBUG 3268 --- [proyecto_cotizacion] [           main] org.hibernate.cfg.Environment            : HHH000206: 'hibernate.properties' not found
2025-06-15T18:11:19.405-04:00 DEBUG 3268 --- [proyecto_cotizacion] [           main] org.hibernate.orm.idgen.factory          : Registering IdentifierGenerator strategy [uuid2] -> [org.hibernate.id.UUIDGenerator]
2025-06-15T18:11:19.405-04:00 DEBUG 3268 --- [proyecto_cotizacion] [           main] org.hibernate.orm.idgen.factory          : Registering IdentifierGenerator strategy [guid] -> [org.hibernate.id.GUIDGenerator]
2025-06-15T18:11:19.406-04:00 DEBUG 3268 --- [proyecto_cotizacion] [           main] org.hibernate.orm.idgen.factory          : Registering IdentifierGenerator strategy [uuid] -> [org.hibernate.id.UUIDHexGenerator]
2025-06-15T18:11:19.406-04:00 DEBUG 3268 --- [proyecto_cotizacion] [           main] org.hibernate.orm.idgen.factory          : Registering IdentifierGenerator strategy [uuid.hex] -> [org.hibernate.id.UUIDHexGenerator]
2025-06-15T18:11:19.406-04:00 DEBUG 3268 --- [proyecto_cotizacion] [           main] org.hibernate.orm.idgen.factory          : Registering IdentifierGenerator strategy [assigned] -> [org.hibernate.id.Assigned]
2025-06-15T18:11:19.407-04:00 DEBUG 3268 --- [proyecto_cotizacion] [           main] org.hibernate.orm.idgen.factory          : Registering IdentifierGenerator strategy [identity] -> [org.hibernate.id.IdentityGenerator]
2025-06-15T18:11:19.407-04:00 DEBUG 3268 --- [proyecto_cotizacion] [           main] org.hibernate.orm.idgen.factory          : Registering IdentifierGenerator strategy [select] -> [org.hibernate.id.SelectGenerator]
2025-06-15T18:11:19.408-04:00 DEBUG 3268 --- [proyecto_cotizacion] [           main] org.hibernate.orm.idgen.factory          : Registering IdentifierGenerator strategy [sequence] -> [org.hibernate.id.enhanced.SequenceStyleGenerator]
2025-06-15T18:11:19.409-04:00 DEBUG 3268 --- [proyecto_cotizacion] [           main] org.hibernate.orm.idgen.factory          : Registering IdentifierGenerator strategy [increment] -> [org.hibernate.id.IncrementGenerator]
2025-06-15T18:11:19.409-04:00 DEBUG 3268 --- [proyecto_cotizacion] [           main] org.hibernate.orm.idgen.factory          : Registering IdentifierGenerator strategy [foreign] -> [org.hibernate.id.ForeignGenerator]
2025-06-15T18:11:19.409-04:00 DEBUG 3268 --- [proyecto_cotizacion] [           main] org.hibernate.orm.idgen.factory          : Registering IdentifierGenerator strategy [enhanced-sequence] -> [org.hibernate.id.enhanced.SequenceStyleGenerator]
2025-06-15T18:11:19.410-04:00 DEBUG 3268 --- [proyecto_cotizacion] [           main] org.hibernate.orm.idgen.factory          : Registering IdentifierGenerator strategy [enhanced-table] -> [org.hibernate.id.enhanced.TableGenerator]
2025-06-15T18:11:19.415-04:00 DEBUG 3268 --- [proyecto_cotizacion] [           main] o.h.c.internal.RegionFactoryInitiator    : Cannot default RegionFactory based on registered strategies as `[]` RegionFactory strategies were registered
2025-06-15T18:11:19.416-04:00  INFO 3268 --- [proyecto_cotizacion] [           main] o.h.c.internal.RegionFactoryInitiator    : HHH000026: Second-level cache disabled
2025-06-15T18:11:19.503-04:00 DEBUG 3268 --- [proyecto_cotizacion] [           main] org.hibernate.type.BasicTypeRegistry     : Adding type registration boolean -> org.hibernate.type.BasicTypeReference@4805d11b
2025-06-15T18:11:19.503-04:00 DEBUG 3268 --- [proyecto_cotizacion] [           main] org.hibernate.type.BasicTypeRegistry     : Adding type registration boolean -> org.hibernate.type.BasicTypeReference@4805d11b
2025-06-15T18:11:19.503-04:00 DEBUG 3268 --- [proyecto_cotizacion] [           main] org.hibernate.type.BasicTypeRegistry     : Adding type registration java.lang.Boolean -> org.hibernate.type.BasicTypeReference@4805d11b
2025-06-15T18:11:19.503-04:00 DEBUG 3268 --- [proyecto_cotizacion] [           main] org.hibernate.type.BasicTypeRegistry     : Adding type registration numeric_boolean -> org.hibernate.type.BasicTypeReference@3f6094da
2025-06-15T18:11:19.503-04:00 DEBUG 3268 --- [proyecto_cotizacion] [           main] org.hibernate.type.BasicTypeRegistry     : Adding type registration org.hibernate.type.NumericBooleanConverter -> org.hibernate.type.BasicTypeReference@3f6094da
2025-06-15T18:11:19.503-04:00 DEBUG 3268 --- [proyecto_cotizacion] [           main] org.hibernate.type.BasicTypeRegistry     : Adding type registration true_false -> org.hibernate.type.BasicTypeReference@7d726fa1
2025-06-15T18:11:19.503-04:00 DEBUG 3268 --- [proyecto_cotizacion] [           main] org.hibernate.type.BasicTypeRegistry     : Adding type registration org.hibernate.type.TrueFalseConverter -> org.hibernate.type.BasicTypeReference@7d726fa1
2025-06-15T18:11:19.503-04:00 DEBUG 3268 --- [proyecto_cotizacion] [           main] org.hibernate.type.BasicTypeRegistry     : Adding type registration yes_no -> org.hibernate.type.BasicTypeReference@7f05d2bf
2025-06-15T18:11:19.503-04:00 DEBUG 3268 --- [proyecto_cotizacion] [           main] org.hibernate.type.BasicTypeRegistry     : Adding type registration org.hibernate.type.YesNoConverter -> org.hibernate.type.BasicTypeReference@7f05d2bf
2025-06-15T18:11:19.504-04:00 DEBUG 3268 --- [proyecto_cotizacion] [           main] org.hibernate.type.BasicTypeRegistry     : Adding type registration byte -> org.hibernate.type.BasicTypeReference@196e494d
2025-06-15T18:11:19.504-04:00 DEBUG 3268 --- [proyecto_cotizacion] [           main] org.hibernate.type.BasicTypeRegistry     : Adding type registration byte -> org.hibernate.type.BasicTypeReference@196e494d
2025-06-15T18:11:19.504-04:00 DEBUG 3268 --- [proyecto_cotizacion] [           main] org.hibernate.type.BasicTypeRegistry     : Adding type registration java.lang.Byte -> org.hibernate.type.BasicTypeReference@196e494d
2025-06-15T18:11:19.504-04:00 DEBUG 3268 --- [proyecto_cotizacion] [           main] org.hibernate.type.BasicTypeRegistry     : Adding type registration binary -> org.hibernate.type.BasicTypeReference@2213c8fe
2025-06-15T18:11:19.504-04:00 DEBUG 3268 --- [proyecto_cotizacion] [           main] org.hibernate.type.BasicTypeRegistry     : Adding type registration byte[] -> org.hibernate.type.BasicTypeReference@2213c8fe
2025-06-15T18:11:19.504-04:00 DEBUG 3268 --- [proyecto_cotizacion] [           main] org.hibernate.type.BasicTypeRegistry     : Adding type registration [B -> org.hibernate.type.BasicTypeReference@2213c8fe
2025-06-15T18:11:19.504-04:00 DEBUG 3268 --- [proyecto_cotizacion] [           main] org.hibernate.type.BasicTypeRegistry     : Adding type registration binary_wrapper -> org.hibernate.type.BasicTypeReference@4cf2b47a
2025-06-15T18:11:19.504-04:00 DEBUG 3268 --- [proyecto_cotizacion] [           main] org.hibernate.type.BasicTypeRegistry     : Adding type registration wrapper-binary -> org.hibernate.type.BasicTypeReference@4cf2b47a
2025-06-15T18:11:19.504-04:00 DEBUG 3268 --- [proyecto_cotizacion] [           main] org.hibernate.type.BasicTypeRegistry     : Adding type registration image -> org.hibernate.type.BasicTypeReference@1db30771
2025-06-15T18:11:19.504-04:00 DEBUG 3268 --- [proyecto_cotizacion] [           main] org.hibernate.type.BasicTypeRegistry     : Adding type registration blob -> org.hibernate.type.BasicTypeReference@76fc11ab
2025-06-15T18:11:19.504-04:00 DEBUG 3268 --- [proyecto_cotizacion] [           main] org.hibernate.type.BasicTypeRegistry     : Adding type registration java.sql.Blob -> org.hibernate.type.BasicTypeReference@76fc11ab
2025-06-15T18:11:19.504-04:00 DEBUG 3268 --- [proyecto_cotizacion] [           main] org.hibernate.type.BasicTypeRegistry     : Adding type registration materialized_blob -> org.hibernate.type.BasicTypeReference@4a9463b2
2025-06-15T18:11:19.504-04:00 DEBUG 3268 --- [proyecto_cotizacion] [           main] org.hibernate.type.BasicTypeRegistry     : Adding type registration materialized_blob_wrapper -> org.hibernate.type.BasicTypeReference@131c4ffe
2025-06-15T18:11:19.504-04:00 DEBUG 3268 --- [proyecto_cotizacion] [           main] org.hibernate.type.BasicTypeRegistry     : Adding type registration short -> org.hibernate.type.BasicTypeReference@16914a63
2025-06-15T18:11:19.504-04:00 DEBUG 3268 --- [proyecto_cotizacion] [           main] org.hibernate.type.BasicTypeRegistry     : Adding type registration short -> org.hibernate.type.BasicTypeReference@16914a63
2025-06-15T18:11:19.504-04:00 DEBUG 3268 --- [proyecto_cotizacion] [           main] org.hibernate.type.BasicTypeRegistry     : Adding type registration java.lang.Short -> org.hibernate.type.BasicTypeReference@16914a63
2025-06-15T18:11:19.504-04:00 DEBUG 3268 --- [proyecto_cotizacion] [           main] org.hibernate.type.BasicTypeRegistry     : Adding type registration integer -> org.hibernate.type.BasicTypeReference@f67053
2025-06-15T18:11:19.504-04:00 DEBUG 3268 --- [proyecto_cotizacion] [           main] org.hibernate.type.BasicTypeRegistry     : Adding type registration int -> org.hibernate.type.BasicTypeReference@f67053
2025-06-15T18:11:19.504-04:00 DEBUG 3268 --- [proyecto_cotizacion] [           main] org.hibernate.type.BasicTypeRegistry     : Adding type registration java.lang.Integer -> org.hibernate.type.BasicTypeReference@f67053
2025-06-15T18:11:19.504-04:00 DEBUG 3268 --- [proyecto_cotizacion] [           main] org.hibernate.type.BasicTypeRegistry     : Adding type registration long -> org.hibernate.type.BasicTypeReference@69160a0c
2025-06-15T18:11:19.504-04:00 DEBUG 3268 --- [proyecto_cotizacion] [           main] org.hibernate.type.BasicTypeRegistry     : Adding type registration long -> org.hibernate.type.BasicTypeReference@69160a0c
2025-06-15T18:11:19.504-04:00 DEBUG 3268 --- [proyecto_cotizacion] [           main] org.hibernate.type.BasicTypeRegistry     : Adding type registration java.lang.Long -> org.hibernate.type.BasicTypeReference@69160a0c
2025-06-15T18:11:19.504-04:00 DEBUG 3268 --- [proyecto_cotizacion] [           main] org.hibernate.type.BasicTypeRegistry     : Adding type registration float -> org.hibernate.type.BasicTypeReference@1884db6f
2025-06-15T18:11:19.504-04:00 DEBUG 3268 --- [proyecto_cotizacion] [           main] org.hibernate.type.BasicTypeRegistry     : Adding type registration float -> org.hibernate.type.BasicTypeReference@1884db6f
2025-06-15T18:11:19.505-04:00 DEBUG 3268 --- [proyecto_cotizacion] [           main] org.hibernate.type.BasicTypeRegistry     : Adding type registration java.lang.Float -> org.hibernate.type.BasicTypeReference@1884db6f
2025-06-15T18:11:19.505-04:00 DEBUG 3268 --- [proyecto_cotizacion] [           main] org.hibernate.type.BasicTypeRegistry     : Adding type registration double -> org.hibernate.type.BasicTypeReference@4da584e
2025-06-15T18:11:19.505-04:00 DEBUG 3268 --- [proyecto_cotizacion] [           main] org.hibernate.type.BasicTypeRegistry     : Adding type registration double -> org.hibernate.type.BasicTypeReference@4da584e
2025-06-15T18:11:19.505-04:00 DEBUG 3268 --- [proyecto_cotizacion] [           main] org.hibernate.type.BasicTypeRegistry     : Adding type registration java.lang.Double -> org.hibernate.type.BasicTypeReference@4da584e
2025-06-15T18:11:19.505-04:00 DEBUG 3268 --- [proyecto_cotizacion] [           main] org.hibernate.type.BasicTypeRegistry     : Adding type registration big_integer -> org.hibernate.type.BasicTypeReference@371dc46e
2025-06-15T18:11:19.505-04:00 DEBUG 3268 --- [proyecto_cotizacion] [           main] org.hibernate.type.BasicTypeRegistry     : Adding type registration java.math.BigInteger -> org.hibernate.type.BasicTypeReference@371dc46e
2025-06-15T18:11:19.505-04:00 DEBUG 3268 --- [proyecto_cotizacion] [           main] org.hibernate.type.BasicTypeRegistry     : Adding type registration big_decimal -> org.hibernate.type.BasicTypeReference@6e82feeb
2025-06-15T18:11:19.505-04:00 DEBUG 3268 --- [proyecto_cotizacion] [           main] org.hibernate.type.BasicTypeRegistry     : Adding type registration java.math.BigDecimal -> org.hibernate.type.BasicTypeReference@6e82feeb
2025-06-15T18:11:19.505-04:00 DEBUG 3268 --- [proyecto_cotizacion] [           main] org.hibernate.type.BasicTypeRegistry     : Adding type registration character -> org.hibernate.type.BasicTypeReference@50630ff7
2025-06-15T18:11:19.505-04:00 DEBUG 3268 --- [proyecto_cotizacion] [           main] org.hibernate.type.BasicTypeRegistry     : Adding type registration char -> org.hibernate.type.BasicTypeReference@50630ff7
2025-06-15T18:11:19.505-04:00 DEBUG 3268 --- [proyecto_cotizacion] [           main] org.hibernate.type.BasicTypeRegistry     : Adding type registration java.lang.Character -> org.hibernate.type.BasicTypeReference@50630ff7
2025-06-15T18:11:19.505-04:00 DEBUG 3268 --- [proyecto_cotizacion] [           main] org.hibernate.type.BasicTypeRegistry     : Adding type registration character_nchar -> org.hibernate.type.BasicTypeReference@6ad259d
2025-06-15T18:11:19.505-04:00 DEBUG 3268 --- [proyecto_cotizacion] [           main] org.hibernate.type.BasicTypeRegistry     : Adding type registration string -> org.hibernate.type.BasicTypeReference@5fcaaf92
2025-06-15T18:11:19.505-04:00 DEBUG 3268 --- [proyecto_cotizacion] [           main] org.hibernate.type.BasicTypeRegistry     : Adding type registration java.lang.String -> org.hibernate.type.BasicTypeReference@5fcaaf92
2025-06-15T18:11:19.505-04:00 DEBUG 3268 --- [proyecto_cotizacion] [           main] org.hibernate.type.BasicTypeRegistry     : Adding type registration nstring -> org.hibernate.type.BasicTypeReference@26c67726
2025-06-15T18:11:19.505-04:00 DEBUG 3268 --- [proyecto_cotizacion] [           main] org.hibernate.type.BasicTypeRegistry     : Adding type registration characters -> org.hibernate.type.BasicTypeReference@6e12d8be
2025-06-15T18:11:19.505-04:00 DEBUG 3268 --- [proyecto_cotizacion] [           main] org.hibernate.type.BasicTypeRegistry     : Adding type registration char[] -> org.hibernate.type.BasicTypeReference@6e12d8be
2025-06-15T18:11:19.505-04:00 DEBUG 3268 --- [proyecto_cotizacion] [           main] org.hibernate.type.BasicTypeRegistry     : Adding type registration [C -> org.hibernate.type.BasicTypeReference@6e12d8be
2025-06-15T18:11:19.505-04:00 DEBUG 3268 --- [proyecto_cotizacion] [           main] org.hibernate.type.BasicTypeRegistry     : Adding type registration wrapper-characters -> org.hibernate.type.BasicTypeReference@1fc892c
2025-06-15T18:11:19.505-04:00 DEBUG 3268 --- [proyecto_cotizacion] [           main] org.hibernate.type.BasicTypeRegistry     : Adding type registration text -> org.hibernate.type.BasicTypeReference@b4010be
2025-06-15T18:11:19.505-04:00 DEBUG 3268 --- [proyecto_cotizacion] [           main] org.hibernate.type.BasicTypeRegistry     : Adding type registration ntext -> org.hibernate.type.BasicTypeReference@1e2a39b7
2025-06-15T18:11:19.505-04:00 DEBUG 3268 --- [proyecto_cotizacion] [           main] org.hibernate.type.BasicTypeRegistry     : Adding type registration clob -> org.hibernate.type.BasicTypeReference@6685d5e4
2025-06-15T18:11:19.505-04:00 DEBUG 3268 --- [proyecto_cotizacion] [           main] org.hibernate.type.BasicTypeRegistry     : Adding type registration java.sql.Clob -> org.hibernate.type.BasicTypeReference@6685d5e4
2025-06-15T18:11:19.505-04:00 DEBUG 3268 --- [proyecto_cotizacion] [           main] org.hibernate.type.BasicTypeRegistry     : Adding type registration nclob -> org.hibernate.type.BasicTypeReference@35595f1
2025-06-15T18:11:19.505-04:00 DEBUG 3268 --- [proyecto_cotizacion] [           main] org.hibernate.type.BasicTypeRegistry     : Adding type registration java.sql.NClob -> org.hibernate.type.BasicTypeReference@35595f1
2025-06-15T18:11:19.505-04:00 DEBUG 3268 --- [proyecto_cotizacion] [           main] org.hibernate.type.BasicTypeRegistry     : Adding type registration materialized_clob -> org.hibernate.type.BasicTypeReference@81ba0c5
2025-06-15T18:11:19.505-04:00 DEBUG 3268 --- [proyecto_cotizacion] [           main] org.hibernate.type.BasicTypeRegistry     : Adding type registration materialized_clob_char_array -> org.hibernate.type.BasicTypeReference@4733c7f0
2025-06-15T18:11:19.505-04:00 DEBUG 3268 --- [proyecto_cotizacion] [           main] org.hibernate.type.BasicTypeRegistry     : Adding type registration materialized_clob_character_array -> org.hibernate.type.BasicTypeReference@fd10007
2025-06-15T18:11:19.505-04:00 DEBUG 3268 --- [proyecto_cotizacion] [           main] org.hibernate.type.BasicTypeRegistry     : Adding type registration materialized_nclob -> org.hibernate.type.BasicTypeReference@2004e611
2025-06-15T18:11:19.505-04:00 DEBUG 3268 --- [proyecto_cotizacion] [           main] org.hibernate.type.BasicTypeRegistry     : Adding type registration materialized_nclob_character_array -> org.hibernate.type.BasicTypeReference@75cc775c
2025-06-15T18:11:19.506-04:00 DEBUG 3268 --- [proyecto_cotizacion] [           main] org.hibernate.type.BasicTypeRegistry     : Adding type registration materialized_nclob_char_array -> org.hibernate.type.BasicTypeReference@2c992252
2025-06-15T18:11:19.506-04:00 DEBUG 3268 --- [proyecto_cotizacion] [           main] org.hibernate.type.BasicTypeRegistry     : Adding type registration Duration -> org.hibernate.type.BasicTypeReference@2bcfdefe
2025-06-15T18:11:19.506-04:00 DEBUG 3268 --- [proyecto_cotizacion] [           main] org.hibernate.type.BasicTypeRegistry     : Adding type registration java.time.Duration -> org.hibernate.type.BasicTypeReference@2bcfdefe
2025-06-15T18:11:19.506-04:00 DEBUG 3268 --- [proyecto_cotizacion] [           main] org.hibernate.type.BasicTypeRegistry     : Adding type registration LocalDateTime -> org.hibernate.type.BasicTypeReference@2cfc81f8
2025-06-15T18:11:19.506-04:00 DEBUG 3268 --- [proyecto_cotizacion] [           main] org.hibernate.type.BasicTypeRegistry     : Adding type registration java.time.LocalDateTime -> org.hibernate.type.BasicTypeReference@2cfc81f8
2025-06-15T18:11:19.506-04:00 DEBUG 3268 --- [proyecto_cotizacion] [           main] org.hibernate.type.BasicTypeRegistry     : Adding type registration LocalDate -> org.hibernate.type.BasicTypeReference@3a1c65ac
2025-06-15T18:11:19.506-04:00 DEBUG 3268 --- [proyecto_cotizacion] [           main] org.hibernate.type.BasicTypeRegistry     : Adding type registration java.time.LocalDate -> org.hibernate.type.BasicTypeReference@3a1c65ac
2025-06-15T18:11:19.506-04:00 DEBUG 3268 --- [proyecto_cotizacion] [           main] org.hibernate.type.BasicTypeRegistry     : Adding type registration LocalTime -> org.hibernate.type.BasicTypeReference@5ff24b0f
2025-06-15T18:11:19.506-04:00 DEBUG 3268 --- [proyecto_cotizacion] [           main] org.hibernate.type.BasicTypeRegistry     : Adding type registration java.time.LocalTime -> org.hibernate.type.BasicTypeReference@5ff24b0f
2025-06-15T18:11:19.506-04:00 DEBUG 3268 --- [proyecto_cotizacion] [           main] org.hibernate.type.BasicTypeRegistry     : Adding type registration OffsetDateTime -> org.hibernate.type.BasicTypeReference@a9f4621
2025-06-15T18:11:19.506-04:00 DEBUG 3268 --- [proyecto_cotizacion] [           main] org.hibernate.type.BasicTypeRegistry     : Adding type registration java.time.OffsetDateTime -> org.hibernate.type.BasicTypeReference@a9f4621
2025-06-15T18:11:19.506-04:00 DEBUG 3268 --- [proyecto_cotizacion] [           main] org.hibernate.type.BasicTypeRegistry     : Adding type registration OffsetDateTimeWithTimezone -> org.hibernate.type.BasicTypeReference@42a4e5cb
2025-06-15T18:11:19.506-04:00 DEBUG 3268 --- [proyecto_cotizacion] [           main] org.hibernate.type.BasicTypeRegistry     : Adding type registration OffsetDateTimeWithoutTimezone -> org.hibernate.type.BasicTypeReference@1bccd936
2025-06-15T18:11:19.506-04:00 DEBUG 3268 --- [proyecto_cotizacion] [           main] org.hibernate.type.BasicTypeRegistry     : Adding type registration OffsetTime -> org.hibernate.type.BasicTypeReference@562b4373
2025-06-15T18:11:19.506-04:00 DEBUG 3268 --- [proyecto_cotizacion] [           main] org.hibernate.type.BasicTypeRegistry     : Adding type registration java.time.OffsetTime -> org.hibernate.type.BasicTypeReference@562b4373
2025-06-15T18:11:19.506-04:00 DEBUG 3268 --- [proyecto_cotizacion] [           main] org.hibernate.type.BasicTypeRegistry     : Adding type registration OffsetTimeUtc -> org.hibernate.type.BasicTypeReference@26f5a9d9
2025-06-15T18:11:19.506-04:00 DEBUG 3268 --- [proyecto_cotizacion] [           main] org.hibernate.type.BasicTypeRegistry     : Adding type registration OffsetTimeWithTimezone -> org.hibernate.type.BasicTypeReference@431a9a71
2025-06-15T18:11:19.506-04:00 DEBUG 3268 --- [proyecto_cotizacion] [           main] org.hibernate.type.BasicTypeRegistry     : Adding type registration OffsetTimeWithoutTimezone -> org.hibernate.type.BasicTypeReference@3e62fe4d
2025-06-15T18:11:19.506-04:00 DEBUG 3268 --- [proyecto_cotizacion] [           main] org.hibernate.type.BasicTypeRegistry     : Adding type registration ZonedDateTime -> org.hibernate.type.BasicTypeReference@325e1229
2025-06-15T18:11:19.506-04:00 DEBUG 3268 --- [proyecto_cotizacion] [           main] org.hibernate.type.BasicTypeRegistry     : Adding type registration java.time.ZonedDateTime -> org.hibernate.type.BasicTypeReference@325e1229
2025-06-15T18:11:19.506-04:00 DEBUG 3268 --- [proyecto_cotizacion] [           main] org.hibernate.type.BasicTypeRegistry     : Adding type registration ZonedDateTimeWithTimezone -> org.hibernate.type.BasicTypeReference@396eceda
2025-06-15T18:11:19.506-04:00 DEBUG 3268 --- [proyecto_cotizacion] [           main] org.hibernate.type.BasicTypeRegistry     : Adding type registration ZonedDateTimeWithoutTimezone -> org.hibernate.type.BasicTypeReference@2e300294
2025-06-15T18:11:19.506-04:00 DEBUG 3268 --- [proyecto_cotizacion] [           main] org.hibernate.type.BasicTypeRegistry     : Adding type registration date -> org.hibernate.type.BasicTypeReference@7890189
2025-06-15T18:11:19.506-04:00 DEBUG 3268 --- [proyecto_cotizacion] [           main] org.hibernate.type.BasicTypeRegistry     : Adding type registration java.sql.Date -> org.hibernate.type.BasicTypeReference@7890189
2025-06-15T18:11:19.506-04:00 DEBUG 3268 --- [proyecto_cotizacion] [           main] org.hibernate.type.BasicTypeRegistry     : Adding type registration time -> org.hibernate.type.BasicTypeReference@4584940b
2025-06-15T18:11:19.506-04:00 DEBUG 3268 --- [proyecto_cotizacion] [           main] org.hibernate.type.BasicTypeRegistry     : Adding type registration java.sql.Time -> org.hibernate.type.BasicTypeReference@4584940b
2025-06-15T18:11:19.506-04:00 DEBUG 3268 --- [proyecto_cotizacion] [           main] org.hibernate.type.BasicTypeRegistry     : Adding type registration timestamp -> org.hibernate.type.BasicTypeReference@a538a7f
2025-06-15T18:11:19.506-04:00 DEBUG 3268 --- [proyecto_cotizacion] [           main] org.hibernate.type.BasicTypeRegistry     : Adding type registration java.sql.Timestamp -> org.hibernate.type.BasicTypeReference@a538a7f
2025-06-15T18:11:19.506-04:00 DEBUG 3268 --- [proyecto_cotizacion] [           main] org.hibernate.type.BasicTypeRegistry     : Adding type registration java.util.Date -> org.hibernate.type.BasicTypeReference@a538a7f
2025-06-15T18:11:19.506-04:00 DEBUG 3268 --- [proyecto_cotizacion] [           main] org.hibernate.type.BasicTypeRegistry     : Adding type registration calendar -> org.hibernate.type.BasicTypeReference@24d90d03
2025-06-15T18:11:19.506-04:00 DEBUG 3268 --- [proyecto_cotizacion] [           main] org.hibernate.type.BasicTypeRegistry     : Adding type registration java.util.Calendar -> org.hibernate.type.BasicTypeReference@24d90d03
2025-06-15T18:11:19.506-04:00 DEBUG 3268 --- [proyecto_cotizacion] [           main] org.hibernate.type.BasicTypeRegistry     : Adding type registration java.util.GregorianCalendar -> org.hibernate.type.BasicTypeReference@24d90d03
2025-06-15T18:11:19.506-04:00 DEBUG 3268 --- [proyecto_cotizacion] [           main] org.hibernate.type.BasicTypeRegistry     : Adding type registration calendar_date -> org.hibernate.type.BasicTypeReference@6b13d558
2025-06-15T18:11:19.506-04:00 DEBUG 3268 --- [proyecto_cotizacion] [           main] org.hibernate.type.BasicTypeRegistry     : Adding type registration calendar_time -> org.hibernate.type.BasicTypeReference@ad620fd
2025-06-15T18:11:19.506-04:00 DEBUG 3268 --- [proyecto_cotizacion] [           main] org.hibernate.type.BasicTypeRegistry     : Adding type registration instant -> org.hibernate.type.BasicTypeReference@1c4053aa
2025-06-15T18:11:19.506-04:00 DEBUG 3268 --- [proyecto_cotizacion] [           main] org.hibernate.type.BasicTypeRegistry     : Adding type registration java.time.Instant -> org.hibernate.type.BasicTypeReference@1c4053aa
2025-06-15T18:11:19.506-04:00 DEBUG 3268 --- [proyecto_cotizacion] [           main] org.hibernate.type.BasicTypeRegistry     : Adding type registration uuid -> org.hibernate.type.BasicTypeReference@709de434
2025-06-15T18:11:19.506-04:00 DEBUG 3268 --- [proyecto_cotizacion] [           main] org.hibernate.type.BasicTypeRegistry     : Adding type registration java.util.UUID -> org.hibernate.type.BasicTypeReference@709de434
2025-06-15T18:11:19.506-04:00 DEBUG 3268 --- [proyecto_cotizacion] [           main] org.hibernate.type.BasicTypeRegistry     : Adding type registration pg-uuid -> org.hibernate.type.BasicTypeReference@709de434
2025-06-15T18:11:19.507-04:00 DEBUG 3268 --- [proyecto_cotizacion] [           main] org.hibernate.type.BasicTypeRegistry     : Adding type registration uuid-binary -> org.hibernate.type.BasicTypeReference@551566a
2025-06-15T18:11:19.507-04:00 DEBUG 3268 --- [proyecto_cotizacion] [           main] org.hibernate.type.BasicTypeRegistry     : Adding type registration uuid-char -> org.hibernate.type.BasicTypeReference@3e3b5ff5
2025-06-15T18:11:19.507-04:00 DEBUG 3268 --- [proyecto_cotizacion] [           main] org.hibernate.type.BasicTypeRegistry     : Adding type registration class -> org.hibernate.type.BasicTypeReference@2078869b
2025-06-15T18:11:19.507-04:00 DEBUG 3268 --- [proyecto_cotizacion] [           main] org.hibernate.type.BasicTypeRegistry     : Adding type registration java.lang.Class -> org.hibernate.type.BasicTypeReference@2078869b
2025-06-15T18:11:19.507-04:00 DEBUG 3268 --- [proyecto_cotizacion] [           main] org.hibernate.type.BasicTypeRegistry     : Adding type registration currency -> org.hibernate.type.BasicTypeReference@3fdb6ae4
2025-06-15T18:11:19.507-04:00 DEBUG 3268 --- [proyecto_cotizacion] [           main] org.hibernate.type.BasicTypeRegistry     : Adding type registration Currency -> org.hibernate.type.BasicTypeReference@3fdb6ae4
2025-06-15T18:11:19.507-04:00 DEBUG 3268 --- [proyecto_cotizacion] [           main] org.hibernate.type.BasicTypeRegistry     : Adding type registration java.util.Currency -> org.hibernate.type.BasicTypeReference@3fdb6ae4
2025-06-15T18:11:19.507-04:00 DEBUG 3268 --- [proyecto_cotizacion] [           main] org.hibernate.type.BasicTypeRegistry     : Adding type registration locale -> org.hibernate.type.BasicTypeReference@5416bc77
2025-06-15T18:11:19.507-04:00 DEBUG 3268 --- [proyecto_cotizacion] [           main] org.hibernate.type.BasicTypeRegistry     : Adding type registration java.util.Locale -> org.hibernate.type.BasicTypeReference@5416bc77
2025-06-15T18:11:19.507-04:00 DEBUG 3268 --- [proyecto_cotizacion] [           main] org.hibernate.type.BasicTypeRegistry     : Adding type registration serializable -> org.hibernate.type.BasicTypeReference@303ea430
2025-06-15T18:11:19.507-04:00 DEBUG 3268 --- [proyecto_cotizacion] [           main] org.hibernate.type.BasicTypeRegistry     : Adding type registration java.io.Serializable -> org.hibernate.type.BasicTypeReference@303ea430
2025-06-15T18:11:19.507-04:00 DEBUG 3268 --- [proyecto_cotizacion] [           main] org.hibernate.type.BasicTypeRegistry     : Adding type registration timezone -> org.hibernate.type.BasicTypeReference@54d66499
2025-06-15T18:11:19.507-04:00 DEBUG 3268 --- [proyecto_cotizacion] [           main] org.hibernate.type.BasicTypeRegistry     : Adding type registration java.util.TimeZone -> org.hibernate.type.BasicTypeReference@54d66499
2025-06-15T18:11:19.507-04:00 DEBUG 3268 --- [proyecto_cotizacion] [           main] org.hibernate.type.BasicTypeRegistry     : Adding type registration ZoneOffset -> org.hibernate.type.BasicTypeReference@502f9271
2025-06-15T18:11:19.507-04:00 DEBUG 3268 --- [proyecto_cotizacion] [           main] org.hibernate.type.BasicTypeRegistry     : Adding type registration java.time.ZoneOffset -> org.hibernate.type.BasicTypeReference@502f9271
2025-06-15T18:11:19.507-04:00 DEBUG 3268 --- [proyecto_cotizacion] [           main] org.hibernate.type.BasicTypeRegistry     : Adding type registration url -> org.hibernate.type.BasicTypeReference@313b6907
2025-06-15T18:11:19.507-04:00 DEBUG 3268 --- [proyecto_cotizacion] [           main] org.hibernate.type.BasicTypeRegistry     : Adding type registration java.net.URL -> org.hibernate.type.BasicTypeReference@313b6907
2025-06-15T18:11:19.507-04:00 DEBUG 3268 --- [proyecto_cotizacion] [           main] org.hibernate.type.BasicTypeRegistry     : Adding type registration vector -> org.hibernate.type.BasicTypeReference@74e14434
2025-06-15T18:11:19.507-04:00 DEBUG 3268 --- [proyecto_cotizacion] [           main] org.hibernate.type.BasicTypeRegistry     : Adding type registration float_vector -> org.hibernate.type.BasicTypeReference@13f4149d
2025-06-15T18:11:19.507-04:00 DEBUG 3268 --- [proyecto_cotizacion] [           main] org.hibernate.type.BasicTypeRegistry     : Adding type registration double_vector -> org.hibernate.type.BasicTypeReference@3f64a088
2025-06-15T18:11:19.508-04:00 DEBUG 3268 --- [proyecto_cotizacion] [           main] org.hibernate.type.BasicTypeRegistry     : Adding type registration byte_vector -> org.hibernate.type.BasicTypeReference@557d9532
2025-06-15T18:11:19.508-04:00 DEBUG 3268 --- [proyecto_cotizacion] [           main] org.hibernate.type.BasicTypeRegistry     : Adding type registration row_version -> org.hibernate.type.BasicTypeReference@2bc3ab4d
2025-06-15T18:11:19.512-04:00 DEBUG 3268 --- [proyecto_cotizacion] [           main] org.hibernate.type.BasicTypeRegistry     : Adding type registration object -> org.hibernate.type.JavaObjectType@541b377d
2025-06-15T18:11:19.512-04:00 DEBUG 3268 --- [proyecto_cotizacion] [           main] org.hibernate.type.BasicTypeRegistry     : Adding type registration java.lang.Object -> org.hibernate.type.JavaObjectType@541b377d
2025-06-15T18:11:19.513-04:00 DEBUG 3268 --- [proyecto_cotizacion] [           main] org.hibernate.type.BasicTypeRegistry     : Adding type registration null -> org.hibernate.type.NullType@12fb37b2
2025-06-15T18:11:19.513-04:00 DEBUG 3268 --- [proyecto_cotizacion] [           main] org.hibernate.type.BasicTypeRegistry     : Adding type registration imm_date -> org.hibernate.type.BasicTypeReference@64898aa7
2025-06-15T18:11:19.513-04:00 DEBUG 3268 --- [proyecto_cotizacion] [           main] org.hibernate.type.BasicTypeRegistry     : Adding type registration imm_time -> org.hibernate.type.BasicTypeReference@a53f879
2025-06-15T18:11:19.513-04:00 DEBUG 3268 --- [proyecto_cotizacion] [           main] org.hibernate.type.BasicTypeRegistry     : Adding type registration imm_timestamp -> org.hibernate.type.BasicTypeReference@62cdff2b
2025-06-15T18:11:19.513-04:00 DEBUG 3268 --- [proyecto_cotizacion] [           main] org.hibernate.type.BasicTypeRegistry     : Adding type registration imm_calendar -> org.hibernate.type.BasicTypeReference@29400267
2025-06-15T18:11:19.513-04:00 DEBUG 3268 --- [proyecto_cotizacion] [           main] org.hibernate.type.BasicTypeRegistry     : Adding type registration imm_calendar_date -> org.hibernate.type.BasicTypeReference@1b4695a
2025-06-15T18:11:19.513-04:00 DEBUG 3268 --- [proyecto_cotizacion] [           main] org.hibernate.type.BasicTypeRegistry     : Adding type registration imm_calendar_time -> org.hibernate.type.BasicTypeReference@14b1c925
2025-06-15T18:11:19.513-04:00 DEBUG 3268 --- [proyecto_cotizacion] [           main] org.hibernate.type.BasicTypeRegistry     : Adding type registration imm_binary -> org.hibernate.type.BasicTypeReference@1908483f
2025-06-15T18:11:19.513-04:00 DEBUG 3268 --- [proyecto_cotizacion] [           main] org.hibernate.type.BasicTypeRegistry     : Adding type registration imm_serializable -> org.hibernate.type.BasicTypeReference@30722243
2025-06-15T18:11:19.518-04:00 DEBUG 3268 --- [proyecto_cotizacion] [           main] o.h.boot.internal.BootstrapContextImpl   : Injecting JPA temp ClassLoader [org.springframework.instrument.classloading.SimpleThrowawayClassLoader@11aeb673] into BootstrapContext; was [null]
2025-06-15T18:11:19.518-04:00 DEBUG 3268 --- [proyecto_cotizacion] [           main] o.h.boot.internal.ClassLoaderAccessImpl  : ClassLoaderAccessImpl#injectTempClassLoader(org.springframework.instrument.classloading.SimpleThrowawayClassLoader@11aeb673) [was null]
2025-06-15T18:11:19.519-04:00 DEBUG 3268 --- [proyecto_cotizacion] [           main] o.h.boot.internal.BootstrapContextImpl   : Injecting ScanEnvironment [org.hibernate.jpa.boot.internal.StandardJpaScanEnvironmentImpl@704e27f9] into BootstrapContext; was [null]
2025-06-15T18:11:19.519-04:00 DEBUG 3268 --- [proyecto_cotizacion] [           main] o.h.boot.internal.BootstrapContextImpl   : Injecting ScanOptions [org.hibernate.boot.archive.scan.internal.StandardScanOptions@4a83c651] into BootstrapContext; was [org.hibernate.boot.archive.scan.internal.StandardScanOptions@2091b6b9]
2025-06-15T18:11:19.531-04:00 DEBUG 3268 --- [proyecto_cotizacion] [           main] o.h.j.b.i.PersistenceUnitInfoDescriptor  : Pushing class transformers for PU named 'default' on loading classloader jdk.internal.loader.ClassLoaders$AppClassLoader@5a07e868
2025-06-15T18:11:19.752-04:00  INFO 3268 --- [proyecto_cotizacion] [           main] o.s.o.j.p.SpringPersistenceUnitInfo      : No LoadTimeWeaver setup: ignoring JPA class transformer
2025-06-15T18:11:19.753-04:00 DEBUG 3268 --- [proyecto_cotizacion] [           main] o.h.boot.internal.BootstrapContextImpl   : Injecting JPA temp ClassLoader [null] into BootstrapContext; was [org.springframework.instrument.classloading.SimpleThrowawayClassLoader@11aeb673]
2025-06-15T18:11:19.753-04:00 DEBUG 3268 --- [proyecto_cotizacion] [           main] o.h.boot.internal.ClassLoaderAccessImpl  : ClassLoaderAccessImpl#injectTempClassLoader(null) [was org.springframework.instrument.classloading.SimpleThrowawayClassLoader@11aeb673]
2025-06-15T18:11:19.786-04:00 DEBUG 3268 --- [proyecto_cotizacion] [           main] com.zaxxer.hikari.HikariConfig           : HikariPool-1 - configuration:
2025-06-15T18:11:19.788-04:00 DEBUG 3268 --- [proyecto_cotizacion] [           main] com.zaxxer.hikari.HikariConfig           : allowPoolSuspension.............false
2025-06-15T18:11:19.788-04:00 DEBUG 3268 --- [proyecto_cotizacion] [           main] com.zaxxer.hikari.HikariConfig           : autoCommit......................true
2025-06-15T18:11:19.789-04:00 DEBUG 3268 --- [proyecto_cotizacion] [           main] com.zaxxer.hikari.HikariConfig           : catalog.........................none
2025-06-15T18:11:19.789-04:00 DEBUG 3268 --- [proyecto_cotizacion] [           main] com.zaxxer.hikari.HikariConfig           : connectionInitSql...............none
2025-06-15T18:11:19.789-04:00 DEBUG 3268 --- [proyecto_cotizacion] [           main] com.zaxxer.hikari.HikariConfig           : connectionTestQuery.............none
2025-06-15T18:11:19.789-04:00 DEBUG 3268 --- [proyecto_cotizacion] [           main] com.zaxxer.hikari.HikariConfig           : connectionTimeout...............30000
2025-06-15T18:11:19.789-04:00 DEBUG 3268 --- [proyecto_cotizacion] [           main] com.zaxxer.hikari.HikariConfig           : dataSource......................none
2025-06-15T18:11:19.789-04:00 DEBUG 3268 --- [proyecto_cotizacion] [           main] com.zaxxer.hikari.HikariConfig           : dataSourceClassName.............none
2025-06-15T18:11:19.789-04:00 DEBUG 3268 --- [proyecto_cotizacion] [           main] com.zaxxer.hikari.HikariConfig           : dataSourceJNDI..................none
2025-06-15T18:11:19.789-04:00 DEBUG 3268 --- [proyecto_cotizacion] [           main] com.zaxxer.hikari.HikariConfig           : dataSourceProperties............{password=<masked>}
2025-06-15T18:11:19.789-04:00 DEBUG 3268 --- [proyecto_cotizacion] [           main] com.zaxxer.hikari.HikariConfig           : driverClassName................."oracle.jdbc.OracleDriver"
2025-06-15T18:11:19.789-04:00 DEBUG 3268 --- [proyecto_cotizacion] [           main] com.zaxxer.hikari.HikariConfig           : exceptionOverrideClassName......none
2025-06-15T18:11:19.790-04:00 DEBUG 3268 --- [proyecto_cotizacion] [           main] com.zaxxer.hikari.HikariConfig           : healthCheckProperties...........{}
2025-06-15T18:11:19.790-04:00 DEBUG 3268 --- [proyecto_cotizacion] [           main] com.zaxxer.hikari.HikariConfig           : healthCheckRegistry.............none
2025-06-15T18:11:19.790-04:00 DEBUG 3268 --- [proyecto_cotizacion] [           main] com.zaxxer.hikari.HikariConfig           : idleTimeout.....................600000
2025-06-15T18:11:19.790-04:00 DEBUG 3268 --- [proyecto_cotizacion] [           main] com.zaxxer.hikari.HikariConfig           : initializationFailTimeout.......1
2025-06-15T18:11:19.790-04:00 DEBUG 3268 --- [proyecto_cotizacion] [           main] com.zaxxer.hikari.HikariConfig           : isolateInternalQueries..........false
2025-06-15T18:11:19.790-04:00 DEBUG 3268 --- [proyecto_cotizacion] [           main] com.zaxxer.hikari.HikariConfig           : jdbcUrl.........................jdbc:oracle:thin:@proyectocotizacion1_low?TNS_ADMIN=D:/Wallet
2025-06-15T18:11:19.790-04:00 DEBUG 3268 --- [proyecto_cotizacion] [           main] com.zaxxer.hikari.HikariConfig           : keepaliveTime...................0
2025-06-15T18:11:19.790-04:00 DEBUG 3268 --- [proyecto_cotizacion] [           main] com.zaxxer.hikari.HikariConfig           : leakDetectionThreshold..........0
2025-06-15T18:11:19.790-04:00 DEBUG 3268 --- [proyecto_cotizacion] [           main] com.zaxxer.hikari.HikariConfig           : maxLifetime.....................1800000
2025-06-15T18:11:19.790-04:00 DEBUG 3268 --- [proyecto_cotizacion] [           main] com.zaxxer.hikari.HikariConfig           : maximumPoolSize.................10
2025-06-15T18:11:19.790-04:00 DEBUG 3268 --- [proyecto_cotizacion] [           main] com.zaxxer.hikari.HikariConfig           : metricRegistry..................none
2025-06-15T18:11:19.790-04:00 DEBUG 3268 --- [proyecto_cotizacion] [           main] com.zaxxer.hikari.HikariConfig           : metricsTrackerFactory...........none
2025-06-15T18:11:19.790-04:00 DEBUG 3268 --- [proyecto_cotizacion] [           main] com.zaxxer.hikari.HikariConfig           : minimumIdle.....................10
2025-06-15T18:11:19.790-04:00 DEBUG 3268 --- [proyecto_cotizacion] [           main] com.zaxxer.hikari.HikariConfig           : password........................<masked>
2025-06-15T18:11:19.790-04:00 DEBUG 3268 --- [proyecto_cotizacion] [           main] com.zaxxer.hikari.HikariConfig           : poolName........................"HikariPool-1"
2025-06-15T18:11:19.790-04:00 DEBUG 3268 --- [proyecto_cotizacion] [           main] com.zaxxer.hikari.HikariConfig           : readOnly........................false
2025-06-15T18:11:19.792-04:00 DEBUG 3268 --- [proyecto_cotizacion] [           main] com.zaxxer.hikari.HikariConfig           : registerMbeans..................false
2025-06-15T18:11:19.792-04:00 DEBUG 3268 --- [proyecto_cotizacion] [           main] com.zaxxer.hikari.HikariConfig           : scheduledExecutor...............none
2025-06-15T18:11:19.792-04:00 DEBUG 3268 --- [proyecto_cotizacion] [           main] com.zaxxer.hikari.HikariConfig           : schema..........................none
2025-06-15T18:11:19.792-04:00 DEBUG 3268 --- [proyecto_cotizacion] [           main] com.zaxxer.hikari.HikariConfig           : threadFactory...................internal
2025-06-15T18:11:19.792-04:00 DEBUG 3268 --- [proyecto_cotizacion] [           main] com.zaxxer.hikari.HikariConfig           : transactionIsolation............default
2025-06-15T18:11:19.792-04:00 DEBUG 3268 --- [proyecto_cotizacion] [           main] com.zaxxer.hikari.HikariConfig           : username........................"admin"
2025-06-15T18:11:19.792-04:00 DEBUG 3268 --- [proyecto_cotizacion] [           main] com.zaxxer.hikari.HikariConfig           : validationTimeout...............5000
2025-06-15T18:11:19.793-04:00  INFO 3268 --- [proyecto_cotizacion] [           main] com.zaxxer.hikari.HikariDataSource       : HikariPool-1 - Starting...
2025-06-15T18:11:20.522-04:00  INFO 3268 --- [proyecto_cotizacion] [           main] com.zaxxer.hikari.pool.HikariPool        : HikariPool-1 - Added connection oracle.jdbc.driver.T4CConnection@c81a2d7
2025-06-15T18:11:20.523-04:00  INFO 3268 --- [proyecto_cotizacion] [           main] com.zaxxer.hikari.HikariDataSource       : HikariPool-1 - Start completed.
2025-06-15T18:11:20.530-04:00 DEBUG 3268 --- [proyecto_cotizacion] [           main] o.h.e.j.e.i.JdbcEnvironmentInitiator     : Database ->
	   name : Oracle
	version : Oracle Database 19c Enterprise Edition Release 19.0.0.0.0 - Production
Version 19.27.0.1.0
	  major : 19
	  minor : 27
2025-06-15T18:11:20.530-04:00 DEBUG 3268 --- [proyecto_cotizacion] [           main] o.h.e.j.e.i.JdbcEnvironmentInitiator     : Driver ->
	   name : Oracle JDBC driver
	version : 23.5.0.24.07
	  major : 23
	  minor : 5
2025-06-15T18:11:20.530-04:00 DEBUG 3268 --- [proyecto_cotizacion] [           main] o.h.e.j.e.i.JdbcEnvironmentInitiator     : JDBC version : 4.2
2025-06-15T18:11:20.630-04:00 DEBUG 3268 --- [proyecto_cotizacion] [l-1 housekeeper] com.zaxxer.hikari.pool.HikariPool        : HikariPool-1 - Pool stats (total=1, active=1, idle=0, waiting=0)
2025-06-15T18:11:20.737-04:00 DEBUG 3268 --- [proyecto_cotizacion] [onnection adder] com.zaxxer.hikari.pool.HikariPool        : HikariPool-1 - Added connection oracle.jdbc.driver.T4CConnection@372622a0
2025-06-15T18:11:20.757-04:00  WARN 3268 --- [proyecto_cotizacion] [           main] org.hibernate.orm.deprecation            : HHH90000025: OracleDialect does not need to be specified explicitly using 'hibernate.dialect' (remove the property setting and it will be selected by default)
2025-06-15T18:11:20.758-04:00 DEBUG 3268 --- [proyecto_cotizacion] [           main] org.hibernate.orm.dialect                : HHH035001: Using dialect: org.hibernate.dialect.OracleDialect, version: 19.27
2025-06-15T18:11:20.770-04:00 DEBUG 3268 --- [proyecto_cotizacion] [onnection adder] com.zaxxer.hikari.pool.HikariPool        : HikariPool-1 - After adding stats (total=2, active=1, idle=1, waiting=0)
2025-06-15T18:11:20.794-04:00  INFO 3268 --- [proyecto_cotizacion] [           main] org.hibernate.orm.connections.pooling    : HHH10001005: Database info:
	Database JDBC URL [Connecting through datasource 'HikariDataSource (HikariPool-1)']
	Database driver: undefined/unknown
	Database version: 19.27
	Autocommit mode: undefined/unknown
	Isolation level: undefined/unknown
	Minimum pool size: undefined/unknown
	Maximum pool size: undefined/unknown
2025-06-15T18:11:20.803-04:00 DEBUG 3268 --- [proyecto_cotizacion] [           main] o.h.t.d.jdbc.spi.JdbcTypeRegistry        : addDescriptor(NCharTypeDescriptor) replaced previous registration(CharTypeDescriptor)
2025-06-15T18:11:20.804-04:00 DEBUG 3268 --- [proyecto_cotizacion] [           main] o.h.t.d.jdbc.spi.JdbcTypeRegistry        : addDescriptor(NVarcharTypeDescriptor) replaced previous registration(VarcharTypeDescriptor)
2025-06-15T18:11:20.804-04:00 DEBUG 3268 --- [proyecto_cotizacion] [           main] o.h.t.d.jdbc.spi.JdbcTypeRegistry        : addDescriptor(LongNVarcharTypeDescriptor) replaced previous registration(LongVarcharTypeDescriptor)
2025-06-15T18:11:20.806-04:00 DEBUG 3268 --- [proyecto_cotizacion] [           main] o.h.t.d.jdbc.spi.JdbcTypeRegistry        : addDescriptor(NClobTypeDescriptor(DEFAULT)) replaced previous registration(ClobTypeDescriptor(DEFAULT))
2025-06-15T18:11:20.807-04:00 DEBUG 3268 --- [proyecto_cotizacion] [           main] o.h.t.d.jdbc.spi.JdbcTypeRegistry        : addDescriptor(BooleanTypeDescriptor) replaced previous registration(BooleanTypeDescriptor)
2025-06-15T18:11:20.816-04:00 DEBUG 3268 --- [proyecto_cotizacion] [           main] org.hibernate.type.BasicTypeRegistry     : Adding type registration null -> org.hibernate.type.NullType@46ed3f66
2025-06-15T18:11:20.816-04:00 DEBUG 3268 --- [proyecto_cotizacion] [           main] org.hibernate.type.BasicTypeRegistry     : Type registration key [null] overrode previous entry : `org.hibernate.type.NullType@12fb37b2`
2025-06-15T18:11:20.816-04:00 DEBUG 3268 --- [proyecto_cotizacion] [           main] org.hibernate.type.BasicTypeRegistry     : Adding type registration JAVA_OBJECT -> org.hibernate.type.JavaObjectType@2b611be6
2025-06-15T18:11:20.816-04:00 DEBUG 3268 --- [proyecto_cotizacion] [           main] org.hibernate.type.BasicTypeRegistry     : Adding type registration java.lang.Object -> org.hibernate.type.JavaObjectType@2b611be6
2025-06-15T18:11:20.816-04:00 DEBUG 3268 --- [proyecto_cotizacion] [           main] org.hibernate.type.BasicTypeRegistry     : Type registration key [java.lang.Object] overrode previous entry : `org.hibernate.type.JavaObjectType@541b377d`
2025-06-15T18:11:20.819-04:00 DEBUG 3268 --- [proyecto_cotizacion] [           main] org.hibernate.type.BasicTypeRegistry     : Adding type registration org.hibernate.type.DurationType -> basicType@1(java.time.Duration,3015)
2025-06-15T18:11:20.819-04:00 DEBUG 3268 --- [proyecto_cotizacion] [           main] org.hibernate.type.BasicTypeRegistry     : Adding type registration Duration -> basicType@1(java.time.Duration,3015)
2025-06-15T18:11:20.819-04:00 DEBUG 3268 --- [proyecto_cotizacion] [           main] org.hibernate.type.BasicTypeRegistry     : Adding type registration java.time.Duration -> basicType@1(java.time.Duration,3015)
2025-06-15T18:11:20.822-04:00 DEBUG 3268 --- [proyecto_cotizacion] [           main] o.h.type.spi.TypeConfiguration$Scope     : Scoping TypeConfiguration [org.hibernate.type.spi.TypeConfiguration@1502c366] to MetadataBuildingContext [org.hibernate.boot.internal.MetadataBuildingContextRootImpl@2a0c8a25]
2025-06-15T18:11:20.848-04:00 DEBUG 3268 --- [proyecto_cotizacion] [           main] o.h.boot.model.relational.Namespace      : Created database namespace [logicalName=Name{catalog=null, schema=null}, physicalName=Name{catalog=null, schema=null}]
2025-06-15T18:11:20.866-04:00 DEBUG 3268 --- [proyecto_cotizacion] [onnection adder] com.zaxxer.hikari.pool.HikariPool        : HikariPool-1 - Added connection oracle.jdbc.driver.T4CConnection@3efc4f30
2025-06-15T18:11:20.874-04:00 DEBUG 3268 --- [proyecto_cotizacion] [           main] o.h.boot.model.internal.EntityBinder     : Binding entity from annotated class: com.example.test.model.Persona
2025-06-15T18:11:20.881-04:00 DEBUG 3268 --- [proyecto_cotizacion] [           main] o.h.boot.model.internal.EntityBinder     : Import with entity name Persona
2025-06-15T18:11:20.887-04:00 DEBUG 3268 --- [proyecto_cotizacion] [           main] o.h.boot.model.internal.EntityBinder     : Bind entity com.example.test.model.Persona on table persona
2025-06-15T18:11:20.894-04:00 DEBUG 3268 --- [proyecto_cotizacion] [           main] o.h.boot.model.internal.AnnotatedColumn  : Binding column: AnnotatedDiscriminatorColumn(column='tipo_persona')
2025-06-15T18:11:20.895-04:00 DEBUG 3268 --- [proyecto_cotizacion] [           main] org.hibernate.mapping.BasicValue         : Skipping column re-registration: persona.tipo_persona
2025-06-15T18:11:20.910-04:00 DEBUG 3268 --- [proyecto_cotizacion] [onnection adder] com.zaxxer.hikari.pool.HikariPool        : HikariPool-1 - After adding stats (total=3, active=0, idle=3, waiting=0)
2025-06-15T18:11:20.921-04:00 DEBUG 3268 --- [proyecto_cotizacion] [           main] o.h.boot.model.internal.AnnotatedColumn  : Binding column: AnnotatedColumn()
2025-06-15T18:11:20.923-04:00 DEBUG 3268 --- [proyecto_cotizacion] [           main] o.h.boot.internal.ClassLoaderAccessImpl  : Not known whether passed class name [com.example.test.model.Persona] is safe
2025-06-15T18:11:20.923-04:00 DEBUG 3268 --- [proyecto_cotizacion] [           main] o.h.boot.internal.ClassLoaderAccessImpl  : No temp ClassLoader provided; using live ClassLoader for loading potentially unsafe class : com.example.test.model.Persona
2025-06-15T18:11:20.929-04:00 DEBUG 3268 --- [proyecto_cotizacion] [           main] o.h.boot.model.internal.PropertyBinder   : MetadataSourceProcessor property rut with lazy=false
2025-06-15T18:11:20.932-04:00 DEBUG 3268 --- [proyecto_cotizacion] [           main] o.h.b.m.internal.AbstractPropertyHolder  : Attempting to locate auto-apply AttributeConverter for property [com.example.test.model.Persona:rut]
2025-06-15T18:11:20.940-04:00 DEBUG 3268 --- [proyecto_cotizacion] [           main] o.h.b.model.internal.BasicValueBinder    : building BasicValue for rut
2025-06-15T18:11:20.941-04:00 DEBUG 3268 --- [proyecto_cotizacion] [           main] org.hibernate.mapping.BasicValue         : Skipping column re-registration: persona.rut
2025-06-15T18:11:20.942-04:00 DEBUG 3268 --- [proyecto_cotizacion] [           main] o.h.boot.model.internal.PropertyBinder   : Building property rut
2025-06-15T18:11:20.945-04:00 DEBUG 3268 --- [proyecto_cotizacion] [           main] o.h.boot.model.internal.AnnotatedColumn  : Binding column: AnnotatedColumn()
2025-06-15T18:11:20.945-04:00 DEBUG 3268 --- [proyecto_cotizacion] [           main] o.h.boot.model.internal.PropertyBinder   : MetadataSourceProcessor property correo with lazy=false
2025-06-15T18:11:20.945-04:00 DEBUG 3268 --- [proyecto_cotizacion] [           main] o.h.b.m.internal.AbstractPropertyHolder  : Attempting to locate auto-apply AttributeConverter for property [com.example.test.model.Persona:correo]
2025-06-15T18:11:20.945-04:00 DEBUG 3268 --- [proyecto_cotizacion] [           main] o.h.b.model.internal.BasicValueBinder    : building BasicValue for correo
2025-06-15T18:11:20.945-04:00 DEBUG 3268 --- [proyecto_cotizacion] [           main] org.hibernate.mapping.BasicValue         : Skipping column re-registration: persona.correo
2025-06-15T18:11:20.945-04:00 DEBUG 3268 --- [proyecto_cotizacion] [           main] o.h.boot.model.internal.PropertyBinder   : Building property correo
2025-06-15T18:11:20.946-04:00 DEBUG 3268 --- [proyecto_cotizacion] [           main] o.h.boot.model.internal.AnnotatedColumn  : Binding column: AnnotatedColumn()
2025-06-15T18:11:20.946-04:00 DEBUG 3268 --- [proyecto_cotizacion] [           main] o.h.boot.model.internal.PropertyBinder   : MetadataSourceProcessor property dv with lazy=false
2025-06-15T18:11:20.946-04:00 DEBUG 3268 --- [proyecto_cotizacion] [           main] o.h.b.m.internal.AbstractPropertyHolder  : Attempting to locate auto-apply AttributeConverter for property [com.example.test.model.Persona:dv]
2025-06-15T18:11:20.946-04:00 DEBUG 3268 --- [proyecto_cotizacion] [           main] o.h.b.model.internal.BasicValueBinder    : building BasicValue for dv
2025-06-15T18:11:20.946-04:00 DEBUG 3268 --- [proyecto_cotizacion] [           main] org.hibernate.mapping.BasicValue         : Skipping column re-registration: persona.dv
2025-06-15T18:11:20.946-04:00 DEBUG 3268 --- [proyecto_cotizacion] [           main] o.h.boot.model.internal.PropertyBinder   : Building property dv
2025-06-15T18:11:20.947-04:00 DEBUG 3268 --- [proyecto_cotizacion] [           main] o.h.boot.model.internal.AnnotatedColumn  : Binding column: AnnotatedColumn()
2025-06-15T18:11:20.947-04:00 DEBUG 3268 --- [proyecto_cotizacion] [           main] o.h.boot.model.internal.PropertyBinder   : MetadataSourceProcessor property nombre with lazy=false
2025-06-15T18:11:20.947-04:00 DEBUG 3268 --- [proyecto_cotizacion] [           main] o.h.b.m.internal.AbstractPropertyHolder  : Attempting to locate auto-apply AttributeConverter for property [com.example.test.model.Persona:nombre]
2025-06-15T18:11:20.947-04:00 DEBUG 3268 --- [proyecto_cotizacion] [           main] o.h.b.model.internal.BasicValueBinder    : building BasicValue for nombre
2025-06-15T18:11:20.947-04:00 DEBUG 3268 --- [proyecto_cotizacion] [           main] org.hibernate.mapping.BasicValue         : Skipping column re-registration: persona.nombre
2025-06-15T18:11:20.947-04:00 DEBUG 3268 --- [proyecto_cotizacion] [           main] o.h.boot.model.internal.PropertyBinder   : Building property nombre
2025-06-15T18:11:20.947-04:00 DEBUG 3268 --- [proyecto_cotizacion] [           main] o.h.boot.model.internal.AnnotatedColumn  : Binding column: AnnotatedColumn()
2025-06-15T18:11:20.947-04:00 DEBUG 3268 --- [proyecto_cotizacion] [           main] o.h.boot.model.internal.PropertyBinder   : MetadataSourceProcessor property telefono with lazy=false
2025-06-15T18:11:20.947-04:00 DEBUG 3268 --- [proyecto_cotizacion] [           main] o.h.b.m.internal.AbstractPropertyHolder  : Attempting to locate auto-apply AttributeConverter for property [com.example.test.model.Persona:telefono]
2025-06-15T18:11:20.947-04:00 DEBUG 3268 --- [proyecto_cotizacion] [           main] o.h.b.model.internal.BasicValueBinder    : building BasicValue for telefono
2025-06-15T18:11:20.947-04:00 DEBUG 3268 --- [proyecto_cotizacion] [           main] org.hibernate.mapping.BasicValue         : Skipping column re-registration: persona.telefono
2025-06-15T18:11:20.947-04:00 DEBUG 3268 --- [proyecto_cotizacion] [           main] o.h.boot.model.internal.PropertyBinder   : Building property telefono
2025-06-15T18:11:20.949-04:00 DEBUG 3268 --- [proyecto_cotizacion] [           main] o.h.b.r.c.i.ClassLoaderServiceImpl       : HHH000194: Package not found or no package-info.java: com.example.test.model
2025-06-15T18:11:20.953-04:00 DEBUG 3268 --- [proyecto_cotizacion] [           main] o.h.boot.model.internal.EntityBinder     : Binding entity from annotated class: com.example.test.model.Cliente
2025-06-15T18:11:20.953-04:00 DEBUG 3268 --- [proyecto_cotizacion] [           main] o.h.boot.model.internal.EntityBinder     : Import with entity name Cliente
2025-06-15T18:11:20.955-04:00 DEBUG 3268 --- [proyecto_cotizacion] [           main] o.h.boot.model.internal.AnnotatedColumn  : Binding column: AnnotatedColumn()
2025-06-15T18:11:20.955-04:00 DEBUG 3268 --- [proyecto_cotizacion] [           main] o.h.boot.model.internal.PropertyBinder   : MetadataSourceProcessor property contrasena with lazy=false
2025-06-15T18:11:20.955-04:00 DEBUG 3268 --- [proyecto_cotizacion] [           main] o.h.b.m.internal.AbstractPropertyHolder  : Attempting to locate auto-apply AttributeConverter for property [com.example.test.model.Cliente:contrasena]
2025-06-15T18:11:20.955-04:00 DEBUG 3268 --- [proyecto_cotizacion] [           main] o.h.b.model.internal.BasicValueBinder    : building BasicValue for contrasena
2025-06-15T18:11:20.955-04:00 DEBUG 3268 --- [proyecto_cotizacion] [           main] org.hibernate.mapping.BasicValue         : Skipping column re-registration: persona.contrasena
2025-06-15T18:11:20.956-04:00 DEBUG 3268 --- [proyecto_cotizacion] [           main] o.h.boot.model.internal.PropertyBinder   : Building property contrasena
2025-06-15T18:11:20.956-04:00 DEBUG 3268 --- [proyecto_cotizacion] [           main] o.h.boot.model.internal.AnnotatedColumn  : Binding column: AnnotatedColumn()
2025-06-15T18:11:20.956-04:00 DEBUG 3268 --- [proyecto_cotizacion] [           main] o.h.boot.model.internal.PropertyBinder   : MetadataSourceProcessor property nombre_usuario with lazy=false
2025-06-15T18:11:20.956-04:00 DEBUG 3268 --- [proyecto_cotizacion] [           main] o.h.b.m.internal.AbstractPropertyHolder  : Attempting to locate auto-apply AttributeConverter for property [com.example.test.model.Cliente:nombre_usuario]
2025-06-15T18:11:20.956-04:00 DEBUG 3268 --- [proyecto_cotizacion] [           main] o.h.b.model.internal.BasicValueBinder    : building BasicValue for nombre_usuario
2025-06-15T18:11:20.956-04:00 DEBUG 3268 --- [proyecto_cotizacion] [           main] org.hibernate.mapping.BasicValue         : Skipping column re-registration: persona.nombre_usuario
2025-06-15T18:11:20.956-04:00 DEBUG 3268 --- [proyecto_cotizacion] [           main] o.h.boot.model.internal.PropertyBinder   : Building property nombre_usuario
2025-06-15T18:11:20.957-04:00 DEBUG 3268 --- [proyecto_cotizacion] [           main] o.h.boot.model.internal.EntityBinder     : Binding entity from annotated class: com.example.test.model.Cotizacion
2025-06-15T18:11:20.957-04:00 DEBUG 3268 --- [proyecto_cotizacion] [           main] o.h.boot.model.internal.EntityBinder     : Import with entity name Cotizacion
2025-06-15T18:11:20.957-04:00 DEBUG 3268 --- [proyecto_cotizacion] [           main] o.h.boot.model.internal.EntityBinder     : Bind entity com.example.test.model.Cotizacion on table cotizacion
2025-06-15T18:11:20.957-04:00 DEBUG 3268 --- [proyecto_cotizacion] [           main] o.h.boot.model.internal.AnnotatedColumn  : Binding column: AnnotatedDiscriminatorColumn(column='DTYPE')
2025-06-15T18:11:20.958-04:00 DEBUG 3268 --- [proyecto_cotizacion] [           main] o.h.boot.model.internal.AnnotatedColumn  : Binding column: AnnotatedColumn()
2025-06-15T18:11:20.958-04:00 DEBUG 3268 --- [proyecto_cotizacion] [           main] o.h.boot.internal.ClassLoaderAccessImpl  : Not known whether passed class name [com.example.test.model.Cotizacion] is safe
2025-06-15T18:11:20.958-04:00 DEBUG 3268 --- [proyecto_cotizacion] [           main] o.h.boot.internal.ClassLoaderAccessImpl  : No temp ClassLoader provided; using live ClassLoader for loading potentially unsafe class : com.example.test.model.Cotizacion
2025-06-15T18:11:20.958-04:00 DEBUG 3268 --- [proyecto_cotizacion] [           main] o.h.boot.model.internal.PropertyBinder   : MetadataSourceProcessor property idCotizacion with lazy=false
2025-06-15T18:11:20.958-04:00 DEBUG 3268 --- [proyecto_cotizacion] [           main] o.h.b.m.internal.AbstractPropertyHolder  : Attempting to locate auto-apply AttributeConverter for property [com.example.test.model.Cotizacion:idCotizacion]
2025-06-15T18:11:20.958-04:00 DEBUG 3268 --- [proyecto_cotizacion] [           main] o.h.b.model.internal.BasicValueBinder    : building BasicValue for idCotizacion
2025-06-15T18:11:20.958-04:00 DEBUG 3268 --- [proyecto_cotizacion] [           main] org.hibernate.mapping.BasicValue         : Skipping column re-registration: cotizacion.id_cotizacion
2025-06-15T18:11:20.958-04:00 DEBUG 3268 --- [proyecto_cotizacion] [           main] o.h.boot.model.internal.PropertyBinder   : Building property idCotizacion
2025-06-15T18:11:20.961-04:00 DEBUG 3268 --- [proyecto_cotizacion] [           main] o.h.boot.model.internal.BinderHelper     : #makeIdGenerator(BasicValue([Column(id_cotizacion)]), idCotizacion, identity, , ...)
2025-06-15T18:11:20.963-04:00 DEBUG 3268 --- [proyecto_cotizacion] [           main] o.h.boot.model.internal.AnnotatedColumn  : Binding column: AnnotatedColumn()
2025-06-15T18:11:20.963-04:00 DEBUG 3268 --- [proyecto_cotizacion] [           main] o.h.boot.model.internal.PropertyBinder   : MetadataSourceProcessor property fechaCotizacion with lazy=false
2025-06-15T18:11:20.963-04:00 DEBUG 3268 --- [proyecto_cotizacion] [           main] o.h.b.m.internal.AbstractPropertyHolder  : Attempting to locate auto-apply AttributeConverter for property [com.example.test.model.Cotizacion:fechaCotizacion]
2025-06-15T18:11:20.963-04:00 DEBUG 3268 --- [proyecto_cotizacion] [           main] o.h.b.model.internal.BasicValueBinder    : building BasicValue for fechaCotizacion
2025-06-15T18:11:20.963-04:00 DEBUG 3268 --- [proyecto_cotizacion] [           main] org.hibernate.mapping.BasicValue         : Skipping column re-registration: cotizacion.fecha_cotizacion
2025-06-15T18:11:20.963-04:00 DEBUG 3268 --- [proyecto_cotizacion] [           main] o.h.boot.model.internal.PropertyBinder   : Building property fechaCotizacion
2025-06-15T18:11:20.964-04:00 DEBUG 3268 --- [proyecto_cotizacion] [           main] o.h.boot.model.internal.AnnotatedColumn  : Binding column: AnnotatedJoinColumn(column='pedido_id')
2025-06-15T18:11:20.965-04:00 DEBUG 3268 --- [proyecto_cotizacion] [           main] o.h.boot.model.internal.AnnotatedColumn  : Binding column: AnnotatedColumn()
2025-06-15T18:11:20.969-04:00 DEBUG 3268 --- [proyecto_cotizacion] [           main] o.h.boot.model.internal.PropertyBinder   : Building property pedido
2025-06-15T18:11:20.969-04:00 DEBUG 3268 --- [proyecto_cotizacion] [           main] o.h.boot.model.internal.AnnotatedColumn  : Binding column: AnnotatedColumn()
2025-06-15T18:11:20.969-04:00 DEBUG 3268 --- [proyecto_cotizacion] [           main] o.h.boot.model.internal.PropertyBinder   : MetadataSourceProcessor property totalEstimado with lazy=false
2025-06-15T18:11:20.969-04:00 DEBUG 3268 --- [proyecto_cotizacion] [           main] o.h.b.m.internal.AbstractPropertyHolder  : Attempting to locate auto-apply AttributeConverter for property [com.example.test.model.Cotizacion:totalEstimado]
2025-06-15T18:11:20.970-04:00 DEBUG 3268 --- [proyecto_cotizacion] [           main] o.h.b.model.internal.BasicValueBinder    : building BasicValue for totalEstimado
2025-06-15T18:11:20.970-04:00 DEBUG 3268 --- [proyecto_cotizacion] [           main] org.hibernate.mapping.BasicValue         : Skipping column re-registration: cotizacion.total_estimado
2025-06-15T18:11:20.970-04:00 DEBUG 3268 --- [proyecto_cotizacion] [           main] o.h.boot.model.internal.PropertyBinder   : Building property totalEstimado
2025-06-15T18:11:20.970-04:00 DEBUG 3268 --- [proyecto_cotizacion] [           main] o.h.b.r.c.i.ClassLoaderServiceImpl       : HHH000194: Package not found or no package-info.java: com.example.test.model
2025-06-15T18:11:20.970-04:00 DEBUG 3268 --- [proyecto_cotizacion] [           main] o.h.boot.model.internal.EntityBinder     : Binding entity from annotated class: com.example.test.model.DetPedido
2025-06-15T18:11:20.970-04:00 DEBUG 3268 --- [proyecto_cotizacion] [           main] o.h.boot.model.internal.EntityBinder     : Import with entity name DetPedido
2025-06-15T18:11:20.970-04:00 DEBUG 3268 --- [proyecto_cotizacion] [           main] o.h.boot.model.internal.EntityBinder     : Bind entity com.example.test.model.DetPedido on table det_pedido
2025-06-15T18:11:20.972-04:00 DEBUG 3268 --- [proyecto_cotizacion] [           main] o.h.boot.model.internal.AnnotatedColumn  : Binding column: AnnotatedDiscriminatorColumn(column='DTYPE')
2025-06-15T18:11:20.972-04:00 DEBUG 3268 --- [proyecto_cotizacion] [           main] o.h.boot.model.internal.AnnotatedColumn  : Binding column: AnnotatedColumn()
2025-06-15T18:11:20.972-04:00 DEBUG 3268 --- [proyecto_cotizacion] [           main] o.h.boot.internal.ClassLoaderAccessImpl  : Not known whether passed class name [com.example.test.model.DetPedido] is safe
2025-06-15T18:11:20.972-04:00 DEBUG 3268 --- [proyecto_cotizacion] [           main] o.h.boot.internal.ClassLoaderAccessImpl  : No temp ClassLoader provided; using live ClassLoader for loading potentially unsafe class : com.example.test.model.DetPedido
2025-06-15T18:11:20.972-04:00 DEBUG 3268 --- [proyecto_cotizacion] [           main] o.h.boot.model.internal.PropertyBinder   : MetadataSourceProcessor property id with lazy=false
2025-06-15T18:11:20.972-04:00 DEBUG 3268 --- [proyecto_cotizacion] [           main] o.h.b.m.internal.AbstractPropertyHolder  : Attempting to locate auto-apply AttributeConverter for property [com.example.test.model.DetPedido:id]
2025-06-15T18:11:20.972-04:00 DEBUG 3268 --- [proyecto_cotizacion] [           main] o.h.b.model.internal.BasicValueBinder    : building BasicValue for id
2025-06-15T18:11:20.972-04:00 DEBUG 3268 --- [proyecto_cotizacion] [           main] org.hibernate.mapping.BasicValue         : Skipping column re-registration: det_pedido.id
2025-06-15T18:11:20.972-04:00 DEBUG 3268 --- [proyecto_cotizacion] [           main] o.h.boot.model.internal.PropertyBinder   : Building property id
2025-06-15T18:11:20.972-04:00 DEBUG 3268 --- [proyecto_cotizacion] [           main] o.h.boot.model.internal.BinderHelper     : #makeIdGenerator(BasicValue([Column(id)]), id, identity, , ...)
2025-06-15T18:11:20.973-04:00 DEBUG 3268 --- [proyecto_cotizacion] [           main] o.h.boot.model.internal.AnnotatedColumn  : Binding column: AnnotatedColumn()
2025-06-15T18:11:20.973-04:00 DEBUG 3268 --- [proyecto_cotizacion] [           main] o.h.boot.model.internal.PropertyBinder   : MetadataSourceProcessor property cantidad with lazy=false
2025-06-15T18:11:20.973-04:00 DEBUG 3268 --- [proyecto_cotizacion] [           main] o.h.b.m.internal.AbstractPropertyHolder  : Attempting to locate auto-apply AttributeConverter for property [com.example.test.model.DetPedido:cantidad]
2025-06-15T18:11:20.973-04:00 DEBUG 3268 --- [proyecto_cotizacion] [           main] o.h.b.model.internal.BasicValueBinder    : building BasicValue for cantidad
2025-06-15T18:11:20.973-04:00 DEBUG 3268 --- [proyecto_cotizacion] [           main] org.hibernate.mapping.BasicValue         : Skipping column re-registration: det_pedido.cantidad
2025-06-15T18:11:20.973-04:00 DEBUG 3268 --- [proyecto_cotizacion] [           main] o.h.boot.model.internal.PropertyBinder   : Building property cantidad
2025-06-15T18:11:20.973-04:00 DEBUG 3268 --- [proyecto_cotizacion] [           main] o.h.boot.model.internal.AnnotatedColumn  : Binding column: AnnotatedJoinColumn(column='pedido_id')
2025-06-15T18:11:20.973-04:00 DEBUG 3268 --- [proyecto_cotizacion] [           main] o.h.boot.model.internal.AnnotatedColumn  : Binding column: AnnotatedColumn()
2025-06-15T18:11:20.973-04:00 DEBUG 3268 --- [proyecto_cotizacion] [           main] o.h.boot.model.internal.PropertyBinder   : Building property pedido
2025-06-15T18:11:20.973-04:00 DEBUG 3268 --- [proyecto_cotizacion] [           main] o.h.boot.model.internal.AnnotatedColumn  : Binding column: AnnotatedJoinColumn(column='producto_id')
2025-06-15T18:11:20.973-04:00 DEBUG 3268 --- [proyecto_cotizacion] [           main] o.h.boot.model.internal.AnnotatedColumn  : Binding column: AnnotatedColumn()
2025-06-15T18:11:20.973-04:00 DEBUG 3268 --- [proyecto_cotizacion] [           main] o.h.boot.model.internal.PropertyBinder   : Building property producto
2025-06-15T18:11:20.973-04:00 DEBUG 3268 --- [proyecto_cotizacion] [           main] o.h.b.r.c.i.ClassLoaderServiceImpl       : HHH000194: Package not found or no package-info.java: com.example.test.model
2025-06-15T18:11:20.973-04:00 DEBUG 3268 --- [proyecto_cotizacion] [           main] o.h.boot.model.internal.EntityBinder     : Binding entity from annotated class: com.example.test.model.Empresa
2025-06-15T18:11:20.973-04:00 DEBUG 3268 --- [proyecto_cotizacion] [           main] o.h.boot.model.internal.EntityBinder     : Import with entity name Empresa
2025-06-15T18:11:20.975-04:00 DEBUG 3268 --- [proyecto_cotizacion] [           main] o.h.boot.model.internal.AnnotatedColumn  : Binding column: AnnotatedColumn()
2025-06-15T18:11:20.975-04:00 DEBUG 3268 --- [proyecto_cotizacion] [           main] o.h.boot.model.internal.PropertyBinder   : MetadataSourceProcessor property nombre_representante with lazy=false
2025-06-15T18:11:20.975-04:00 DEBUG 3268 --- [proyecto_cotizacion] [           main] o.h.b.m.internal.AbstractPropertyHolder  : Attempting to locate auto-apply AttributeConverter for property [com.example.test.model.Empresa:nombre_representante]
2025-06-15T18:11:20.975-04:00 DEBUG 3268 --- [proyecto_cotizacion] [           main] o.h.b.model.internal.BasicValueBinder    : building BasicValue for nombre_representante
2025-06-15T18:11:20.975-04:00 DEBUG 3268 --- [proyecto_cotizacion] [           main] org.hibernate.mapping.BasicValue         : Skipping column re-registration: persona.nombre_representante
2025-06-15T18:11:20.975-04:00 DEBUG 3268 --- [proyecto_cotizacion] [           main] o.h.boot.model.internal.PropertyBinder   : Building property nombre_representante
2025-06-15T18:11:20.975-04:00 DEBUG 3268 --- [proyecto_cotizacion] [           main] o.h.boot.model.internal.AnnotatedColumn  : Binding column: AnnotatedColumn(column='rol_empresa')
2025-06-15T18:11:20.975-04:00 DEBUG 3268 --- [proyecto_cotizacion] [           main] o.h.boot.model.internal.PropertyBinder   : MetadataSourceProcessor property rol with lazy=false
2025-06-15T18:11:20.976-04:00 DEBUG 3268 --- [proyecto_cotizacion] [           main] o.h.b.m.internal.AbstractPropertyHolder  : Attempting to locate auto-apply AttributeConverter for property [com.example.test.model.Empresa:rol]
2025-06-15T18:11:20.976-04:00 DEBUG 3268 --- [proyecto_cotizacion] [           main] o.h.b.model.internal.BasicValueBinder    : building BasicValue for rol
2025-06-15T18:11:20.976-04:00 DEBUG 3268 --- [proyecto_cotizacion] [           main] org.hibernate.mapping.BasicValue         : Skipping column re-registration: persona.rol_empresa
2025-06-15T18:11:20.976-04:00 DEBUG 3268 --- [proyecto_cotizacion] [           main] o.h.boot.model.internal.PropertyBinder   : Building property rol
2025-06-15T18:11:20.976-04:00 DEBUG 3268 --- [proyecto_cotizacion] [           main] o.h.boot.model.internal.EntityBinder     : Binding entity from annotated class: com.example.test.model.Material
2025-06-15T18:11:20.976-04:00 DEBUG 3268 --- [proyecto_cotizacion] [           main] o.h.boot.model.internal.EntityBinder     : Import with entity name Material
2025-06-15T18:11:20.976-04:00 DEBUG 3268 --- [proyecto_cotizacion] [           main] o.h.boot.model.internal.EntityBinder     : Bind entity com.example.test.model.Material on table material
2025-06-15T18:11:20.976-04:00 DEBUG 3268 --- [proyecto_cotizacion] [           main] o.h.boot.model.internal.AnnotatedColumn  : Binding column: AnnotatedDiscriminatorColumn(column='DTYPE')
2025-06-15T18:11:20.977-04:00 DEBUG 3268 --- [proyecto_cotizacion] [           main] o.h.boot.model.internal.AnnotatedColumn  : Binding column: AnnotatedColumn()
2025-06-15T18:11:20.977-04:00 DEBUG 3268 --- [proyecto_cotizacion] [           main] o.h.boot.internal.ClassLoaderAccessImpl  : Not known whether passed class name [com.example.test.model.Material] is safe
2025-06-15T18:11:20.977-04:00 DEBUG 3268 --- [proyecto_cotizacion] [           main] o.h.boot.internal.ClassLoaderAccessImpl  : No temp ClassLoader provided; using live ClassLoader for loading potentially unsafe class : com.example.test.model.Material
2025-06-15T18:11:20.977-04:00 DEBUG 3268 --- [proyecto_cotizacion] [           main] o.h.boot.model.internal.PropertyBinder   : MetadataSourceProcessor property idMaterial with lazy=false
2025-06-15T18:11:20.977-04:00 DEBUG 3268 --- [proyecto_cotizacion] [           main] o.h.b.m.internal.AbstractPropertyHolder  : Attempting to locate auto-apply AttributeConverter for property [com.example.test.model.Material:idMaterial]
2025-06-15T18:11:20.977-04:00 DEBUG 3268 --- [proyecto_cotizacion] [           main] o.h.b.model.internal.BasicValueBinder    : building BasicValue for idMaterial
2025-06-15T18:11:20.977-04:00 DEBUG 3268 --- [proyecto_cotizacion] [           main] org.hibernate.mapping.BasicValue         : Skipping column re-registration: material.id_material
2025-06-15T18:11:20.977-04:00 DEBUG 3268 --- [proyecto_cotizacion] [           main] o.h.boot.model.internal.PropertyBinder   : Building property idMaterial
2025-06-15T18:11:20.977-04:00 DEBUG 3268 --- [proyecto_cotizacion] [           main] o.h.boot.model.internal.BinderHelper     : #makeIdGenerator(BasicValue([Column(id_material)]), idMaterial, identity, , ...)
2025-06-15T18:11:20.977-04:00 DEBUG 3268 --- [proyecto_cotizacion] [           main] o.h.boot.model.internal.AnnotatedColumn  : Binding column: AnnotatedColumn()
2025-06-15T18:11:20.977-04:00 DEBUG 3268 --- [proyecto_cotizacion] [           main] o.h.boot.model.internal.PropertyBinder   : MetadataSourceProcessor property ancho with lazy=false
2025-06-15T18:11:20.977-04:00 DEBUG 3268 --- [proyecto_cotizacion] [           main] o.h.b.m.internal.AbstractPropertyHolder  : Attempting to locate auto-apply AttributeConverter for property [com.example.test.model.Material:ancho]
2025-06-15T18:11:20.977-04:00 DEBUG 3268 --- [proyecto_cotizacion] [           main] o.h.b.model.internal.BasicValueBinder    : building BasicValue for ancho
2025-06-15T18:11:20.977-04:00 DEBUG 3268 --- [proyecto_cotizacion] [           main] org.hibernate.mapping.BasicValue         : Skipping column re-registration: material.ancho
2025-06-15T18:11:20.977-04:00 DEBUG 3268 --- [proyecto_cotizacion] [           main] o.h.boot.model.internal.PropertyBinder   : Building property ancho
2025-06-15T18:11:20.978-04:00 DEBUG 3268 --- [proyecto_cotizacion] [           main] o.h.boot.model.internal.AnnotatedColumn  : Binding column: AnnotatedColumn()
2025-06-15T18:11:20.978-04:00 DEBUG 3268 --- [proyecto_cotizacion] [           main] o.h.boot.model.internal.PropertyBinder   : MetadataSourceProcessor property costoUnitario with lazy=false
2025-06-15T18:11:20.978-04:00 DEBUG 3268 --- [proyecto_cotizacion] [           main] o.h.b.m.internal.AbstractPropertyHolder  : Attempting to locate auto-apply AttributeConverter for property [com.example.test.model.Material:costoUnitario]
2025-06-15T18:11:20.978-04:00 DEBUG 3268 --- [proyecto_cotizacion] [           main] o.h.b.model.internal.BasicValueBinder    : building BasicValue for costoUnitario
2025-06-15T18:11:20.978-04:00 DEBUG 3268 --- [proyecto_cotizacion] [           main] org.hibernate.mapping.BasicValue         : Skipping column re-registration: material.costo_unitario
2025-06-15T18:11:20.978-04:00 DEBUG 3268 --- [proyecto_cotizacion] [           main] o.h.boot.model.internal.PropertyBinder   : Building property costoUnitario
2025-06-15T18:11:20.978-04:00 DEBUG 3268 --- [proyecto_cotizacion] [           main] o.h.boot.model.internal.AnnotatedColumn  : Binding column: AnnotatedColumn()
2025-06-15T18:11:20.978-04:00 DEBUG 3268 --- [proyecto_cotizacion] [           main] o.h.boot.model.internal.PropertyBinder   : MetadataSourceProcessor property largo with lazy=false
2025-06-15T18:11:20.978-04:00 DEBUG 3268 --- [proyecto_cotizacion] [           main] o.h.b.m.internal.AbstractPropertyHolder  : Attempting to locate auto-apply AttributeConverter for property [com.example.test.model.Material:largo]
2025-06-15T18:11:20.978-04:00 DEBUG 3268 --- [proyecto_cotizacion] [           main] o.h.b.model.internal.BasicValueBinder    : building BasicValue for largo
2025-06-15T18:11:20.978-04:00 DEBUG 3268 --- [proyecto_cotizacion] [           main] org.hibernate.mapping.BasicValue         : Skipping column re-registration: material.largo
2025-06-15T18:11:20.978-04:00 DEBUG 3268 --- [proyecto_cotizacion] [           main] o.h.boot.model.internal.PropertyBinder   : Building property largo
2025-06-15T18:11:20.978-04:00 DEBUG 3268 --- [proyecto_cotizacion] [           main] o.h.boot.model.internal.AnnotatedColumn  : Binding column: AnnotatedColumn()
2025-06-15T18:11:20.979-04:00 DEBUG 3268 --- [proyecto_cotizacion] [           main] o.h.boot.model.internal.PropertyBinder   : MetadataSourceProcessor property nombre with lazy=false
2025-06-15T18:11:20.979-04:00 DEBUG 3268 --- [proyecto_cotizacion] [           main] o.h.b.m.internal.AbstractPropertyHolder  : Attempting to locate auto-apply AttributeConverter for property [com.example.test.model.Material:nombre]
2025-06-15T18:11:20.979-04:00 DEBUG 3268 --- [proyecto_cotizacion] [           main] o.h.b.model.internal.BasicValueBinder    : building BasicValue for nombre
[...]
        }
      }
    }

2025-06-15T18:11:21.770-04:00 DEBUG 3268 --- [proyecto_cotizacion] [           main] o.h.p.entity.AbstractEntityPersister     : Static SQL for entity: com.example.test.model.Material
2025-06-15T18:11:21.770-04:00 DEBUG 3268 --- [proyecto_cotizacion] [           main] o.h.p.entity.AbstractEntityPersister     :  Version select: select id_material from material where id_material=?
2025-06-15T18:11:21.770-04:00 DEBUG 3268 --- [proyecto_cotizacion] [           main] o.h.p.entity.AbstractEntityPersister     :  Insert (0): insert into material (ancho,costo_unitario,largo,nombre,id_material) values (?,?,?,?,default)
2025-06-15T18:11:21.770-04:00 DEBUG 3268 --- [proyecto_cotizacion] [           main] o.h.p.entity.AbstractEntityPersister     :  Update (0): update material set ancho=?,costo_unitario=?,largo=?,nombre=? where id_material=?
2025-06-15T18:11:21.770-04:00 DEBUG 3268 --- [proyecto_cotizacion] [           main] o.h.p.entity.AbstractEntityPersister     :  Delete (0): delete from material where id_material=?
2025-06-15T18:11:21.770-04:00 DEBUG 3268 --- [proyecto_cotizacion] [           main] org.hibernate.orm.sql.ast.create         : Created new SQL alias : p1_0
2025-06-15T18:11:21.770-04:00 DEBUG 3268 --- [proyecto_cotizacion] [           main] org.hibernate.orm.sql.ast.create         : Registration of TableGroup [StandardTableGroup(com.example.test.model.Presupuesto)] with identifierForTableGroup [com.example.test.model.Presupuesto] for NavigablePath [com.example.test.model.Presupuesto] 
2025-06-15T18:11:21.771-04:00 DEBUG 3268 --- [proyecto_cotizacion] [           main] org.hibernate.orm.results.graph.AST      : DomainResult Graph:
 \-EntityResultImpl [com.example.test.model.Presupuesto]
 |  +-BasicFetch [com.example.test.model.Presupuesto.costoManoObra]
 |  +-BasicFetch [com.example.test.model.Presupuesto.costoMaterial]
 |  +-BasicFetch [com.example.test.model.Presupuesto.costoOperacion]
 |  +-BasicFetch [com.example.test.model.Presupuesto.totalPresupuesto]
 |  \-BasicFetch [com.example.test.model.Presupuesto.utilidadEstimada]

2025-06-15T18:11:21.771-04:00 DEBUG 3268 --- [proyecto_cotizacion] [           main] org.hibernate.orm.sql.ast.tree           : SQL AST Tree:
    SelectStatement {
      FromClause {
        StandardTableGroup (p1 : com.example.test.model.Presupuesto) {
          primaryTableReference : presupuesto as p1_0
        }
      }
    }

2025-06-15T18:11:21.771-04:00 DEBUG 3268 --- [proyecto_cotizacion] [           main] o.h.p.entity.AbstractEntityPersister     : Static SQL for entity: com.example.test.model.Presupuesto
2025-06-15T18:11:21.771-04:00 DEBUG 3268 --- [proyecto_cotizacion] [           main] o.h.p.entity.AbstractEntityPersister     :  Version select: select id_presupueto from presupuesto where id_presupueto=?
2025-06-15T18:11:21.771-04:00 DEBUG 3268 --- [proyecto_cotizacion] [           main] o.h.p.entity.AbstractEntityPersister     :  Insert (0): insert into presupuesto (costo_mano_obra,costo_material,costo_operacion,total_presupuesto,utilidad_estimada,id_presupueto) values (?,?,?,?,?,default)
2025-06-15T18:11:21.771-04:00 DEBUG 3268 --- [proyecto_cotizacion] [           main] o.h.p.entity.AbstractEntityPersister     :  Update (0): update presupuesto set costo_mano_obra=?,costo_material=?,costo_operacion=?,total_presupuesto=?,utilidad_estimada=? where id_presupueto=?
2025-06-15T18:11:21.771-04:00 DEBUG 3268 --- [proyecto_cotizacion] [           main] o.h.p.entity.AbstractEntityPersister     :  Delete (0): delete from presupuesto where id_presupueto=?
2025-06-15T18:11:21.771-04:00 DEBUG 3268 --- [proyecto_cotizacion] [           main] org.hibernate.orm.sql.ast.create         : Created new SQL alias : c1_0
2025-06-15T18:11:21.771-04:00 DEBUG 3268 --- [proyecto_cotizacion] [           main] org.hibernate.orm.sql.ast.create         : Registration of TableGroup [StandardTableGroup(com.example.test.model.Cotizacion)] with identifierForTableGroup [com.example.test.model.Cotizacion] for NavigablePath [com.example.test.model.Cotizacion] 
2025-06-15T18:11:21.771-04:00 DEBUG 3268 --- [proyecto_cotizacion] [           main] org.hibernate.orm.sql.ast.create         : Registration of TableGroup [org.hibernate.sql.ast.tree.from.LazyTableGroup@41161a4a] with identifierForTableGroup [com.example.test.model.Cotizacion.pedido] for NavigablePath [com.example.test.model.Cotizacion.pedido] 
2025-06-15T18:11:21.771-04:00 DEBUG 3268 --- [proyecto_cotizacion] [           main] org.hibernate.orm.sql.ast.create         : Created new SQL alias : p1_0
2025-06-15T18:11:21.771-04:00 DEBUG 3268 --- [proyecto_cotizacion] [           main] org.hibernate.orm.sql.ast.create         : Registration of TableGroup [org.hibernate.sql.ast.tree.from.LazyTableGroup@17ad4591] with identifierForTableGroup [com.example.test.model.Cotizacion.pedido.persona] for NavigablePath [com.example.test.model.Cotizacion.pedido.persona] 
2025-06-15T18:11:21.771-04:00 DEBUG 3268 --- [proyecto_cotizacion] [           main] org.hibernate.orm.sql.ast.create         : Created new SQL alias : p2_0
2025-06-15T18:11:21.771-04:00 DEBUG 3268 --- [proyecto_cotizacion] [           main] org.hibernate.orm.results.graph.AST      : DomainResult Graph:
 \-EntityResultImpl [com.example.test.model.Cotizacion]
 |  +-BasicFetch [com.example.test.model.Cotizacion.fechaCotizacion]
 |  +-EntityFetchJoinedImpl [com.example.test.model.Cotizacion.pedido]
 |  |  +-BasicFetch [com.example.test.model.Cotizacion.pedido.fechaEntrega]
 |  |  +-BasicFetch [com.example.test.model.Cotizacion.pedido.fechaPedido]
 |  |  +-DelayedCollectionFetch [com.example.test.model.Cotizacion.pedido.listaProductos]
 |  |  \-EntityFetchJoinedImpl [com.example.test.model.Cotizacion.pedido.persona]
 |  |  |  +-BasicFetch [com.example.test.model.Cotizacion.pedido.persona.correo]
 |  |  |  +-BasicFetch [com.example.test.model.Cotizacion.pedido.persona.dv]
 |  |  |  +-BasicFetch [com.example.test.model.Cotizacion.pedido.persona.nombre]
 |  |  |  +-BasicFetch [com.example.test.model.Cotizacion.pedido.persona.telefono]
 |  |  |  +-BasicFetch [treat(com.example.test.model.Cotizacion.pedido.persona as com.example.test.model.Cliente).contrasena]
 |  |  |  +-BasicFetch [treat(com.example.test.model.Cotizacion.pedido.persona as com.example.test.model.Cliente).nombre_usuario]
 |  |  |  +-BasicFetch [treat(com.example.test.model.Cotizacion.pedido.persona as com.example.test.model.Empresa).nombre_representante]
 |  |  |  \-BasicFetch [treat(com.example.test.model.Cotizacion.pedido.persona as com.example.test.model.Empresa).rol]
 |  \-BasicFetch [com.example.test.model.Cotizacion.totalEstimado]

2025-06-15T18:11:21.771-04:00 DEBUG 3268 --- [proyecto_cotizacion] [           main] org.hibernate.orm.sql.ast.tree           : SQL AST Tree:
    SelectStatement {
      FromClause {
        StandardTableGroup (c1 : com.example.test.model.Cotizacion) {
          primaryTableReference : cotizacion as c1_0
          TableGroupJoins {
            left  join LazyTableGroup (p1 : com.example.test.model.Cotizacion.pedido) {
              primaryTableReference : pedido as p1_0
              TableGroupJoins {
                left  join LazyTableGroup (p2 : com.example.test.model.Cotizacion.pedido.persona) {
                  primaryTableReference : persona as p2_0
                }
              }
            }
          }
        }
      }
    }

2025-06-15T18:11:21.773-04:00 DEBUG 3268 --- [proyecto_cotizacion] [           main] o.h.p.entity.AbstractEntityPersister     : Static SQL for entity: com.example.test.model.Cotizacion
2025-06-15T18:11:21.773-04:00 DEBUG 3268 --- [proyecto_cotizacion] [           main] o.h.p.entity.AbstractEntityPersister     :  Version select: select id_cotizacion from cotizacion where id_cotizacion=?
2025-06-15T18:11:21.773-04:00 DEBUG 3268 --- [proyecto_cotizacion] [           main] o.h.p.entity.AbstractEntityPersister     :  Insert (0): insert into cotizacion (fecha_cotizacion,pedido_id,total_estimado,id_cotizacion) values (?,?,?,default)
2025-06-15T18:11:21.773-04:00 DEBUG 3268 --- [proyecto_cotizacion] [           main] o.h.p.entity.AbstractEntityPersister     :  Update (0): update cotizacion set fecha_cotizacion=?,pedido_id=?,total_estimado=? where id_cotizacion=?
2025-06-15T18:11:21.773-04:00 DEBUG 3268 --- [proyecto_cotizacion] [           main] o.h.p.entity.AbstractEntityPersister     :  Delete (0): delete from cotizacion where id_cotizacion=?
2025-06-15T18:11:21.773-04:00 DEBUG 3268 --- [proyecto_cotizacion] [           main] org.hibernate.orm.sql.ast.create         : Created new SQL alias : p1_0
2025-06-15T18:11:21.773-04:00 DEBUG 3268 --- [proyecto_cotizacion] [           main] org.hibernate.orm.sql.ast.create         : Registration of TableGroup [StandardTableGroup(com.example.test.model.Pedido)] with identifierForTableGroup [com.example.test.model.Pedido] for NavigablePath [com.example.test.model.Pedido] 
2025-06-15T18:11:21.773-04:00 DEBUG 3268 --- [proyecto_cotizacion] [           main] org.hibernate.orm.sql.ast.create         : Registration of TableGroup [org.hibernate.sql.ast.tree.from.LazyTableGroup@1015db31] with identifierForTableGroup [com.example.test.model.Pedido.persona] for NavigablePath [com.example.test.model.Pedido.persona] 
2025-06-15T18:11:21.773-04:00 DEBUG 3268 --- [proyecto_cotizacion] [           main] org.hibernate.orm.sql.ast.create         : Created new SQL alias : p2_0
2025-06-15T18:11:21.773-04:00 DEBUG 3268 --- [proyecto_cotizacion] [           main] org.hibernate.orm.results.graph.AST      : DomainResult Graph:
 \-EntityResultImpl [com.example.test.model.Pedido]
 |  +-BasicFetch [com.example.test.model.Pedido.fechaEntrega]
 |  +-BasicFetch [com.example.test.model.Pedido.fechaPedido]
 |  +-DelayedCollectionFetch [com.example.test.model.Pedido.listaProductos]
 |  \-EntityFetchJoinedImpl [com.example.test.model.Pedido.persona]
 |  |  +-BasicFetch [com.example.test.model.Pedido.persona.correo]
 |  |  +-BasicFetch [com.example.test.model.Pedido.persona.dv]
 |  |  +-BasicFetch [com.example.test.model.Pedido.persona.nombre]
 |  |  +-BasicFetch [com.example.test.model.Pedido.persona.telefono]
 |  |  +-BasicFetch [treat(com.example.test.model.Pedido.persona as com.example.test.model.Cliente).contrasena]
 |  |  +-BasicFetch [treat(com.example.test.model.Pedido.persona as com.example.test.model.Cliente).nombre_usuario]
 |  |  +-BasicFetch [treat(com.example.test.model.Pedido.persona as com.example.test.model.Empresa).nombre_representante]
 |  |  \-BasicFetch [treat(com.example.test.model.Pedido.persona as com.example.test.model.Empresa).rol]

2025-06-15T18:11:21.773-04:00 DEBUG 3268 --- [proyecto_cotizacion] [           main] org.hibernate.orm.sql.ast.tree           : SQL AST Tree:
    SelectStatement {
      FromClause {
        StandardTableGroup (p1 : com.example.test.model.Pedido) {
          primaryTableReference : pedido as p1_0
          TableGroupJoins {
             join LazyTableGroup (p2 : com.example.test.model.Pedido.persona) {
              primaryTableReference : persona as p2_0
            }
          }
        }
      }
    }

2025-06-15T18:11:21.773-04:00 DEBUG 3268 --- [proyecto_cotizacion] [           main] o.h.p.entity.AbstractEntityPersister     : Static SQL for entity: com.example.test.model.Pedido
2025-06-15T18:11:21.773-04:00 DEBUG 3268 --- [proyecto_cotizacion] [           main] o.h.p.entity.AbstractEntityPersister     :  Version select: select id_pedido from pedido where id_pedido=?
2025-06-15T18:11:21.773-04:00 DEBUG 3268 --- [proyecto_cotizacion] [           main] o.h.p.entity.AbstractEntityPersister     :  Insert (0): insert into pedido (fecha_entrega,fecha_pedido,persona_id,id_pedido) values (?,?,?,default)
2025-06-15T18:11:21.773-04:00 DEBUG 3268 --- [proyecto_cotizacion] [           main] o.h.p.entity.AbstractEntityPersister     :  Update (0): update pedido set fecha_entrega=?,fecha_pedido=?,persona_id=? where id_pedido=?
2025-06-15T18:11:21.773-04:00 DEBUG 3268 --- [proyecto_cotizacion] [           main] o.h.p.entity.AbstractEntityPersister     :  Delete (0): delete from pedido where id_pedido=?
2025-06-15T18:11:21.774-04:00 DEBUG 3268 --- [proyecto_cotizacion] [           main] org.hibernate.orm.sql.ast.create         : Created new SQL alias : lp1_0
2025-06-15T18:11:21.775-04:00 DEBUG 3268 --- [proyecto_cotizacion] [           main] org.hibernate.orm.sql.ast.create         : Registration of TableGroup [org.hibernate.sql.ast.tree.from.OneToManyTableGroup@29238c0d] with identifierForTableGroup [com.example.test.model.Pedido.listaProductos] for NavigablePath [com.example.test.model.Pedido.listaProductos] 
2025-06-15T18:11:21.775-04:00 DEBUG 3268 --- [proyecto_cotizacion] [           main] org.hibernate.orm.sql.ast.create         : Registration of TableGroup [StandardTableGroup(com.example.test.model.Pedido.listaProductos.{element})] with identifierForTableGroup [com.example.test.model.Pedido.listaProductos.{element}] for NavigablePath [com.example.test.model.Pedido.listaProductos.{element}] 
2025-06-15T18:11:21.779-04:00 DEBUG 3268 --- [proyecto_cotizacion] [           main] org.hibernate.orm.sql.ast.create         : Registration of TableGroup [org.hibernate.sql.ast.tree.from.LazyTableGroup@79671c2b] with identifierForTableGroup [com.example.test.model.Pedido.listaProductos.{element}.pedido] for NavigablePath [com.example.test.model.Pedido.listaProductos.{element}.pedido] 
2025-06-15T18:11:21.779-04:00 DEBUG 3268 --- [proyecto_cotizacion] [           main] org.hibernate.orm.sql.ast.create         : Registration of TableGroup [org.hibernate.sql.ast.tree.from.LazyTableGroup@34d9d20b] with identifierForTableGroup [com.example.test.model.Pedido.listaProductos.{element}.producto] for NavigablePath [com.example.test.model.Pedido.listaProductos.{element}.producto] 
2025-06-15T18:11:21.779-04:00 DEBUG 3268 --- [proyecto_cotizacion] [           main] org.hibernate.orm.sql.ast.create         : Created new SQL alias : p2_0
2025-06-15T18:11:21.780-04:00 DEBUG 3268 --- [proyecto_cotizacion] [           main] org.hibernate.orm.results.graph.AST      : DomainResult Graph:
 \-CollectionDomainResult [com.example.test.model.Pedido.listaProductos]

2025-06-15T18:11:21.782-04:00 DEBUG 3268 --- [proyecto_cotizacion] [           main] org.hibernate.orm.sql.ast.tree           : SQL AST Tree:
    SelectStatement {
      FromClause {
        OneToManyTableGroup (lp1 : com.example.test.model.Pedido.listaProductos) {
          primaryTableReference : det_pedido as lp1_0
          TableGroupJoins {
            left  join LazyTableGroup (p1 : com.example.test.model.Pedido.listaProductos.{element}.pedido) {
            }
            left  join LazyTableGroup (p2 : com.example.test.model.Pedido.listaProductos.{element}.producto) {
              primaryTableReference : producto as p2_0
            }
          }
        }
      }
    }

2025-06-15T18:11:21.782-04:00 DEBUG 3268 --- [proyecto_cotizacion] [           main] org.hibernate.orm.jdbc.mutation          : Static SQL for collection: com.example.test.model.Pedido.listaProductos
2025-06-15T18:11:21.806-04:00  INFO 3268 --- [proyecto_cotizacion] [           main] o.h.e.t.j.p.i.JtaPlatformInitiator       : HHH000489: No JTA platform available (set 'hibernate.transaction.jta.platform' to enable JTA platform integration)
2025-06-15T18:11:21.807-04:00 DEBUG 3268 --- [proyecto_cotizacion] [           main] o.h.type.spi.TypeConfiguration$Scope     : Scoping TypeConfiguration [org.hibernate.type.spi.TypeConfiguration@1502c366] to SessionFactoryImplementor [org.hibernate.internal.SessionFactoryImpl@6608579e]
2025-06-15T18:11:21.807-04:00 DEBUG 3268 --- [proyecto_cotizacion] [           main] o.h.query.named.NamedObjectRepository    : Checking 0 named HQL queries
2025-06-15T18:11:21.807-04:00 DEBUG 3268 --- [proyecto_cotizacion] [           main] o.h.query.named.NamedObjectRepository    : Checking 0 named SQL queries
2025-06-15T18:11:22.101-04:00 DEBUG 3268 --- [proyecto_cotizacion] [           main] org.hibernate.mapping.Table              : No alter strings for table : cotizacion
2025-06-15T18:11:22.101-04:00 DEBUG 3268 --- [proyecto_cotizacion] [           main] org.hibernate.mapping.Table              : No alter strings for table : det_pedido
2025-06-15T18:11:22.101-04:00 DEBUG 3268 --- [proyecto_cotizacion] [           main] org.hibernate.mapping.Table              : No alter strings for table : material
2025-06-15T18:11:22.101-04:00 DEBUG 3268 --- [proyecto_cotizacion] [           main] org.hibernate.mapping.Table              : No alter strings for table : pedido
2025-06-15T18:11:22.101-04:00 DEBUG 3268 --- [proyecto_cotizacion] [           main] org.hibernate.mapping.Table              : No alter strings for table : persona
2025-06-15T18:11:22.101-04:00 DEBUG 3268 --- [proyecto_cotizacion] [           main] org.hibernate.mapping.Table              : No alter strings for table : presupuesto
2025-06-15T18:11:22.101-04:00 DEBUG 3268 --- [proyecto_cotizacion] [           main] org.hibernate.mapping.Table              : No alter strings for table : producto
2025-06-15T18:11:23.174-04:00 DEBUG 3268 --- [proyecto_cotizacion] [           main] o.h.internal.SessionFactoryRegistry      : Initializing SessionFactoryRegistry : org.hibernate.internal.SessionFactoryRegistry@1ac56cb4
2025-06-15T18:11:23.175-04:00 DEBUG 3268 --- [proyecto_cotizacion] [           main] o.h.internal.SessionFactoryRegistry      : Registering SessionFactory: 008d2960-4db0-45ca-aafd-fcfa613d07c1 (<unnamed>)
2025-06-15T18:11:23.175-04:00 DEBUG 3268 --- [proyecto_cotizacion] [           main] o.h.internal.SessionFactoryRegistry      : Not binding SessionFactory to JNDI, no JNDI name configured
2025-06-15T18:11:23.175-04:00 DEBUG 3268 --- [proyecto_cotizacion] [           main] o.hibernate.internal.SessionFactoryImpl  : Instantiated SessionFactory
2025-06-15T18:11:23.175-04:00  INFO 3268 --- [proyecto_cotizacion] [           main] j.LocalContainerEntityManagerFactoryBean : Initialized JPA EntityManagerFactory for persistence unit 'default'
2025-06-15T18:11:23.273-04:00 DEBUG 3268 --- [proyecto_cotizacion] [           main] o.h.stat.internal.StatisticsInitiator    : Statistics initialized [enabled=false]
2025-06-15T18:11:23.573-04:00  WARN 3268 --- [proyecto_cotizacion] [           main] JpaBaseConfiguration$JpaWebConfiguration : spring.jpa.open-in-view is enabled by default. Therefore, database queries may be performed during view rendering. Explicitly configure spring.jpa.open-in-view to disable this warning
2025-06-15T18:11:23.660-04:00  INFO 3268 --- [proyecto_cotizacion] [           main] o.s.v.b.OptionalValidatorFactoryBean     : Failed to set up a Bean Validation provider: jakarta.validation.NoProviderFoundException: Unable to create a Configuration, because no Jakarta Bean Validation provider could be found. Add a provider like Hibernate Validator (RI) to your classpath.
2025-06-15T18:11:23.966-04:00  INFO 3268 --- [proyecto_cotizacion] [           main] c.e.test.configTest.SwaggerConfigTest    : Started SwaggerConfigTest in 6.118 seconds (process running for 7.785)
]]></system-out>
    <system-err><![CDATA[Mockito is currently self-attaching to enable the inline-mock-maker. This will no longer work in future releases of the JDK. Please add Mockito as an agent to your build what is described in Mockito's documentation: https://javadoc.io/doc/org.mockito/mockito-core/latest/org/mockito/Mockito.html#0.3
WARNING: A Java agent has been loaded dynamically (C:\Users\cric3\.m2\repository\net\bytebuddy\byte-buddy-agent\1.15.11\byte-buddy-agent-1.15.11.jar)
WARNING: If a serviceability tool is in use, please run with -XX:+EnableDynamicAgentLoading to hide this warning
WARNING: If a serviceability tool is not in use, please run with -Djdk.instrument.traceUsage for more information
WARNING: Dynamic loading of agents will be disallowed by default in a future release
]]></system-err>
  </testcase>
</testsuite>